2025-09-01 10:37:15,261 [INFO] Activator:176 - 


2025-09-01 10:37:15,262 [INFO] Activator:177 - !SESSION log4j initialized
2025-09-01 10:37:17,700 [INFO] LogOutputStream:77 - [STDOUT_REDIRECT] 
2025-09-01 10:37:21,373 [INFO] ApplicationProperties:184 - Using Application install path: C:\ST\STM32CubeIDE_1.19.0\STM32CubeIDE\plugins\com.st.stm32cube.common.mx_6.15.0.202507011659
2025-09-01 10:37:21,383 [INFO] DbMcusXml:78 - Set database path to: C:\ST\STM32CubeIDE_1.19.0\STM32CubeIDE\plugins\com.st.stm32cube.common.mx_6.15.0.202507011659\\db\/mcu/
2025-09-01 10:37:21,384 [INFO] ApiDb:274 - Set plugin database path to: C:\ST\STM32CubeIDE_1.19.0\STM32CubeIDE\plugins\com.st.stm32cube.common.mx_6.15.0.202507011659\\db\/plugins/boardmanager/
2025-09-01 10:37:21,386 [WARN] ApiDb:259 - Overriding images path with different value:  => C:\ST\STM32CubeIDE_1.19.0\STM32CubeIDE\plugins\com.st.stm32cube.common.mx_6.15.0.202507011659\\db\/plugins/mcufinder/images/
2025-09-01 10:37:21,390 [INFO] ApiDb:250 - Set database path to: C:\Users\Paulo\.stmcufinder\plugins\mcufinder//mcu/
2025-09-01 10:37:21,390 [INFO] DbMcusAds:125 - Set database path to: C:\Users\Paulo\.stmcufinder\plugins\mcufinder//mcu/
2025-09-01 10:37:21,391 [INFO] CrossReferenceDbSqlite:203 - Set database path to: C:\Users\Paulo\.stmcufinder\plugins\mcufinder//mcu/cs/
2025-09-01 10:37:21,482 [INFO] RulesReader:64 - Compatibility file has been processed (317 Rules)
2025-09-01 10:37:21,546 [INFO] DbMcusXml:78 - Set database path to: C:\ST\STM32CubeIDE_1.19.0\STM32CubeIDE\plugins\com.st.stm32cube.common.mx_6.15.0.202507011659\\db\/mcu/
2025-09-01 10:37:21,546 [INFO] ApiDb:274 - Set plugin database path to: C:\ST\STM32CubeIDE_1.19.0\STM32CubeIDE\plugins\com.st.stm32cube.common.mx_6.15.0.202507011659\\db\/plugins/boardmanager/
2025-09-01 10:37:21,546 [INFO] ApiDb:261 - Set plugin images path to: C:\ST\STM32CubeIDE_1.19.0\STM32CubeIDE\plugins\com.st.stm32cube.common.mx_6.15.0.202507011659\\db\/plugins/mcufinder/images/
2025-09-01 10:37:21,546 [WARN] DbFile:41 - Overriding database path with different value: C:\Users\Paulo\.stmcufinder\plugins\mcufinder/ => C:\Users\Paulo\.stmcufinder\plugins\mcufinder
2025-09-01 10:37:21,546 [INFO] ApiDb:250 - Set database path to: C:\Users\Paulo\.stmcufinder\plugins\mcufinder//mcu/
2025-09-01 10:37:21,547 [WARN] DbFile:41 - Overriding database path with different value: C:\Users\Paulo\.stmcufinder\plugins\mcufinder/ => C:\Users\Paulo\.stmcufinder\plugins\mcufinder
2025-09-01 10:37:21,547 [INFO] DbMcusAds:125 - Set database path to: C:\Users\Paulo\.stmcufinder\plugins\mcufinder//mcu/
2025-09-01 10:37:21,547 [WARN] DbFile:41 - Overriding database path with different value: C:\Users\Paulo\.stmcufinder\plugins\mcufinder/ => C:\Users\Paulo\.stmcufinder\plugins\mcufinder
2025-09-01 10:37:21,547 [WARN] DbFile:41 - Overriding database path with different value: C:\Users\Paulo\.stmcufinder\plugins\mcufinder/ => C:\Users\Paulo\.stmcufinder\plugins\mcufinder
2025-09-01 10:37:21,547 [INFO] CrossReferenceDbSqlite:203 - Set database path to: C:\Users\Paulo\.stmcufinder\plugins\mcufinder//mcu/cs/
2025-09-01 10:37:21,597 [INFO] MainPanel:274 - HeapMemory: 268435456
2025-09-01 10:37:21,676 [INFO] DbMcusXml:78 - Set database path to: C:\ST\STM32CubeIDE_1.19.0\STM32CubeIDE\plugins\com.st.stm32cube.common.mx_6.15.0.202507011659\\db\/mcu/
2025-09-01 10:37:21,676 [INFO] ApiDb:274 - Set plugin database path to: C:\ST\STM32CubeIDE_1.19.0\STM32CubeIDE\plugins\com.st.stm32cube.common.mx_6.15.0.202507011659\\db\/plugins/boardmanager/
2025-09-01 10:37:21,677 [INFO] ApiDb:261 - Set plugin images path to: C:\ST\STM32CubeIDE_1.19.0\STM32CubeIDE\plugins\com.st.stm32cube.common.mx_6.15.0.202507011659\\db\/plugins/mcufinder/images/
2025-09-01 10:37:21,677 [WARN] DbFile:41 - Overriding database path with different value: C:\Users\Paulo\.stmcufinder\plugins\mcufinder/ => C:\Users\Paulo\.stmcufinder\plugins\mcufinder
2025-09-01 10:37:21,677 [INFO] ApiDb:250 - Set database path to: C:\Users\Paulo\.stmcufinder\plugins\mcufinder//mcu/
2025-09-01 10:37:21,677 [WARN] DbFile:41 - Overriding database path with different value: C:\Users\Paulo\.stmcufinder\plugins\mcufinder/ => C:\Users\Paulo\.stmcufinder\plugins\mcufinder
2025-09-01 10:37:21,678 [INFO] DbMcusAds:125 - Set database path to: C:\Users\Paulo\.stmcufinder\plugins\mcufinder//mcu/
2025-09-01 10:37:21,678 [WARN] DbFile:41 - Overriding database path with different value: C:\Users\Paulo\.stmcufinder\plugins\mcufinder/ => C:\Users\Paulo\.stmcufinder\plugins\mcufinder
2025-09-01 10:37:21,678 [WARN] DbFile:41 - Overriding database path with different value: C:\Users\Paulo\.stmcufinder\plugins\mcufinder/ => C:\Users\Paulo\.stmcufinder\plugins\mcufinder
2025-09-01 10:37:21,678 [INFO] CrossReferenceDbSqlite:203 - Set database path to: C:\Users\Paulo\.stmcufinder\plugins\mcufinder//mcu/cs/
2025-09-01 10:37:21,694 [INFO] ApplicationProperties:184 - Using Application install path: C:\ST\STM32CubeIDE_1.19.0\STM32CubeIDE\plugins\com.st.stm32cube.common.mx_6.15.0.202507011659
2025-09-01 10:37:21,696 [INFO] PluginManage:196 - Search for loadable plugins [exclusion list=, ]
2025-09-01 10:37:21,697 [INFO] PluginManage:310 - Check plugin analytics
2025-09-01 10:37:21,882 [INFO] AnalyticsPlugin:253 - Accepted Software Licenses: 
2025-09-01 10:37:21,883 [INFO] AnalyticsPlugin:255 - Accepted CMSIS Pack Licenses: 
2025-09-01 10:37:21,883 [INFO] AnalyticsPlugin:257 - Accepted Firmware Licenses: 
2025-09-01 10:37:21,903 [INFO] PluginManage:359 - Loaded plugin analytics (category:tool,tabindex:-1)
2025-09-01 10:37:21,903 [INFO] PluginManage:310 - Check plugin cadmodel
2025-09-01 10:37:21,911 [INFO] CADModel:105 - Init CAD model plugin
2025-09-01 10:37:21,911 [INFO] PluginManage:359 - Loaded plugin cadmodel (category:power,tabindex:5)
2025-09-01 10:37:21,911 [INFO] PluginManage:310 - Check plugin clock
2025-09-01 10:37:21,923 [INFO] PluginManage:359 - Loaded plugin clock (category:base,tabindex:2)
2025-09-01 10:37:21,923 [INFO] PluginManage:310 - Check plugin ddr
2025-09-01 10:37:21,926 [INFO] PluginManage:359 - Loaded plugin ddr (category:tool,tabindex:6)
2025-09-01 10:37:21,926 [INFO] PluginManage:310 - Check plugin filemanager
2025-09-01 10:37:22,073 [INFO] PluginManage:359 - Loaded plugin filemanager (category:base,tabindex:10)
2025-09-01 10:37:22,074 [INFO] PluginManage:310 - Check plugin ipmanager
2025-09-01 10:37:22,080 [INFO] PluginManage:359 - Loaded plugin ipmanager (category:base,tabindex:5)
2025-09-01 10:37:22,080 [INFO] PluginManage:310 - Check plugin lpbam
2025-09-01 10:37:22,087 [INFO] PluginManage:359 - Loaded plugin lpbam (category:base,tabindex:0)
2025-09-01 10:37:22,088 [INFO] PluginManage:310 - Check plugin memorymap
2025-09-01 10:37:22,097 [INFO] PluginManage:359 - Loaded plugin memorymap (category:base,tabindex:4)
2025-09-01 10:37:22,097 [INFO] PluginManage:310 - Check plugin pinoutandconfiguration
2025-09-01 10:37:22,103 [INFO] PluginManage:359 - Loaded plugin pinoutandconfiguration (category:base,tabindex:1)
2025-09-01 10:37:22,103 [INFO] PluginManage:310 - Check plugin pinoutconfig
2025-09-01 10:37:22,184 [WARN] SupportedApi:132 - Cannot load RTOS API schema: s4s-elt-must-match.1: The content of 'definitions' must match (annotation?, (simpleType | complexType)?, (unique | key | keyref)*)). A problem was found starting at: attribute.
2025-09-01 10:37:22,288 [INFO] PluginManage:359 - Loaded plugin pinoutconfig (category:base,tabindex:0)
2025-09-01 10:37:22,288 [INFO] PluginManage:310 - Check plugin power
2025-09-01 10:37:22,293 [INFO] PluginManage:359 - Loaded plugin power (category:power,tabindex:4)
2025-09-01 10:37:22,294 [INFO] PluginManage:310 - Check plugin projectmanager
2025-09-01 10:37:22,307 [INFO] PluginManage:359 - Loaded plugin projectmanager (category:projectmanager,tabindex:4)
2025-09-01 10:37:22,307 [INFO] PluginManage:310 - Check plugin rif
2025-09-01 10:37:22,315 [INFO] PluginManage:359 - Loaded plugin rif (category:base,tabindex:3)
2025-09-01 10:37:22,315 [INFO] PluginManage:310 - Check plugin thirdparty
2025-09-01 10:37:22,404 [INFO] PluginManage:359 - Loaded plugin thirdparty (category:base,tabindex:-1)
2025-09-01 10:37:22,404 [WARN] IntegrityCheckThread:84 - waiting for thirdparty lock release [integrity check]
2025-09-01 10:37:22,404 [INFO] PluginManage:310 - Check plugin tools
2025-09-01 10:37:22,404 [INFO] IntegrityCheckThread:86 - entering critical section [integrity check]
2025-09-01 10:37:22,405 [INFO] ThirdPartyUpdaterWithRetryManager:70 - Updater plugin not ready yet. [1/15]
2025-09-01 10:37:22,407 [INFO] PluginManage:359 - Loaded plugin tools (category:base,tabindex:7)
2025-09-01 10:37:22,407 [INFO] PluginManage:310 - Check plugin tutovideos
2025-09-01 10:37:22,572 [INFO] PluginManage:359 - Loaded plugin tutovideos (category:base,tabindex:-1)
2025-09-01 10:37:22,572 [INFO] PluginManage:310 - Check plugin updater
2025-09-01 10:37:22,592 [INFO] PluginManage:359 - Loaded plugin updater (category:base,tabindex:12)
2025-09-01 10:37:22,592 [INFO] PluginManage:310 - Check plugin userauth
2025-09-01 10:37:22,596 [INFO] UserAuth:118 - Init User Auth plugin
2025-09-01 10:37:22,597 [INFO] PluginManage:359 - Loaded plugin userauth (category:base,tabindex:14)
2025-09-01 10:37:22,598 [INFO] PluginManage:283 - PluginManage : Loaded plugins [18]
2025-09-01 10:37:22,794 [INFO] PinOutPanel:1589 - setPackage(No Configuration,No Configuration)
2025-09-01 10:37:22,862 [INFO] CADModel:165 - CPN selected for project level
2025-09-01 10:37:22,862 [INFO] CADModel:114 - Register for checkConnection events
2025-09-01 10:37:22,877 [INFO] IPUIPlugin:80 - create IPUIPlugin
2025-09-01 10:37:22,877 [INFO] PluginManager:220 - loadIPPluginJar : add adc
2025-09-01 10:37:22,879 [INFO] IPUIPlugin:80 - create IPUIPlugin
2025-09-01 10:37:22,879 [INFO] PluginManager:220 - loadIPPluginJar : add aes
2025-09-01 10:37:22,881 [INFO] IPUIPlugin:80 - create IPUIPlugin
2025-09-01 10:37:22,881 [INFO] PluginManager:220 - loadIPPluginJar : add can
2025-09-01 10:37:22,883 [INFO] IPUIPlugin:80 - create IPUIPlugin
2025-09-01 10:37:22,883 [INFO] PluginManager:220 - loadIPPluginJar : add comp
2025-09-01 10:37:22,884 [INFO] IPUIPlugin:80 - create IPUIPlugin
2025-09-01 10:37:22,884 [INFO] PluginManager:220 - loadIPPluginJar : add cryp
2025-09-01 10:37:22,886 [INFO] IPUIPlugin:80 - create IPUIPlugin
2025-09-01 10:37:22,886 [INFO] PluginManager:220 - loadIPPluginJar : add ddr_ctrl_phy
2025-09-01 10:37:22,888 [INFO] IPUIPlugin:80 - create IPUIPlugin
2025-09-01 10:37:22,888 [INFO] PluginManager:220 - loadIPPluginJar : add dfsdm
2025-09-01 10:37:22,892 [INFO] IPUIPlugin:80 - create IPUIPlugin
2025-09-01 10:37:22,894 [INFO] PluginManager:220 - loadIPPluginJar : add dma
2025-09-01 10:37:22,897 [INFO] IPUIPlugin:80 - create IPUIPlugin
2025-09-01 10:37:22,897 [INFO] PluginManager:220 - loadIPPluginJar : add dma3
2025-09-01 10:37:22,900 [INFO] IPUIPlugin:80 - create IPUIPlugin
2025-09-01 10:37:22,900 [INFO] PluginManager:220 - loadIPPluginJar : add extmemmanager
2025-09-01 10:37:22,902 [INFO] IPUIPlugin:80 - create IPUIPlugin
2025-09-01 10:37:22,902 [INFO] PluginManager:220 - loadIPPluginJar : add fatfs
2025-09-01 10:37:22,907 [INFO] IPUIPlugin:80 - create IPUIPlugin
2025-09-01 10:37:22,907 [INFO] PluginManager:220 - loadIPPluginJar : add fmc
2025-09-01 10:37:22,912 [INFO] IPUIPlugin:80 - create IPUIPlugin
2025-09-01 10:37:22,912 [INFO] PluginManager:220 - loadIPPluginJar : add freertos
2025-09-01 10:37:22,913 [INFO] IPUIPlugin:80 - create IPUIPlugin
2025-09-01 10:37:22,913 [INFO] PluginManager:220 - loadIPPluginJar : add genericplugin
2025-09-01 10:37:22,915 [INFO] IPUIPlugin:80 - create IPUIPlugin
2025-09-01 10:37:22,915 [INFO] PluginManager:220 - loadIPPluginJar : add gfxmmu
2025-09-01 10:37:22,918 [INFO] IPUIPlugin:80 - create IPUIPlugin
2025-09-01 10:37:22,919 [INFO] PluginManager:220 - loadIPPluginJar : add gic
2025-09-01 10:37:22,922 [INFO] IPUIPlugin:80 - create IPUIPlugin
2025-09-01 10:37:22,922 [INFO] PluginManager:220 - loadIPPluginJar : add gpio
2025-09-01 10:37:22,924 [INFO] IPUIPlugin:80 - create IPUIPlugin
2025-09-01 10:37:22,924 [INFO] PluginManager:220 - loadIPPluginJar : add gtzc
2025-09-01 10:37:22,926 [INFO] IPUIPlugin:80 - create IPUIPlugin
2025-09-01 10:37:22,926 [INFO] PluginManager:220 - loadIPPluginJar : add hash
2025-09-01 10:37:22,928 [INFO] IPUIPlugin:80 - create IPUIPlugin
2025-09-01 10:37:22,928 [INFO] PluginManager:220 - loadIPPluginJar : add i2c
2025-09-01 10:37:22,930 [INFO] IPUIPlugin:80 - create IPUIPlugin
2025-09-01 10:37:22,930 [INFO] PluginManager:220 - loadIPPluginJar : add i2s
2025-09-01 10:37:22,933 [INFO] IPUIPlugin:80 - create IPUIPlugin
2025-09-01 10:37:22,933 [INFO] PluginManager:220 - loadIPPluginJar : add i3c
2025-09-01 10:37:22,938 [INFO] IPUIPlugin:80 - create IPUIPlugin
2025-09-01 10:37:22,938 [INFO] PluginManager:220 - loadIPPluginJar : add ipddr
2025-09-01 10:37:22,945 [INFO] IPUIPlugin:80 - create IPUIPlugin
2025-09-01 10:37:22,945 [INFO] PluginManager:220 - loadIPPluginJar : add linkedlist
2025-09-01 10:37:22,947 [INFO] IPUIPlugin:80 - create IPUIPlugin
2025-09-01 10:37:22,947 [INFO] PluginManager:220 - loadIPPluginJar : add lorawan
2025-09-01 10:37:22,948 [INFO] IPUIPlugin:80 - create IPUIPlugin
2025-09-01 10:37:22,948 [INFO] PluginManager:220 - loadIPPluginJar : add ltdc
2025-09-01 10:37:22,952 [INFO] IPUIPlugin:80 - create IPUIPlugin
2025-09-01 10:37:22,952 [INFO] PluginManager:220 - loadIPPluginJar : add mdma
2025-09-01 10:37:22,954 [INFO] IPUIPlugin:80 - create IPUIPlugin
2025-09-01 10:37:22,955 [INFO] PluginManager:220 - loadIPPluginJar : add nvic
2025-09-01 10:37:22,957 [INFO] IPUIPlugin:80 - create IPUIPlugin
2025-09-01 10:37:22,957 [INFO] PluginManager:220 - loadIPPluginJar : add opamp
2025-09-01 10:37:22,959 [INFO] IPUIPlugin:80 - create IPUIPlugin
2025-09-01 10:37:22,959 [INFO] PluginManager:220 - loadIPPluginJar : add openamp
2025-09-01 10:37:22,962 [INFO] IPUIPlugin:80 - create IPUIPlugin
2025-09-01 10:37:22,962 [INFO] PluginManager:220 - loadIPPluginJar : add pdm2pcm
2025-09-01 10:37:22,968 [INFO] IPUIPlugin:80 - create IPUIPlugin
2025-09-01 10:37:22,970 [INFO] PluginManager:220 - loadIPPluginJar : add plateformsettings
2025-09-01 10:37:22,971 [INFO] IPUIPlugin:80 - create IPUIPlugin
2025-09-01 10:37:22,971 [INFO] PluginManager:220 - loadIPPluginJar : add quadspi
2025-09-01 10:37:22,972 [INFO] IPUIPlugin:80 - create IPUIPlugin
2025-09-01 10:37:22,973 [INFO] PluginManager:220 - loadIPPluginJar : add radio
2025-09-01 10:37:22,976 [INFO] IPUIPlugin:80 - create IPUIPlugin
2025-09-01 10:37:22,976 [INFO] PluginManager:220 - loadIPPluginJar : add resmgrutility
2025-09-01 10:37:22,978 [INFO] IPUIPlugin:80 - create IPUIPlugin
2025-09-01 10:37:22,978 [INFO] PluginManager:220 - loadIPPluginJar : add sai
2025-09-01 10:37:22,980 [INFO] IPUIPlugin:80 - create IPUIPlugin
2025-09-01 10:37:22,980 [INFO] PluginManager:220 - loadIPPluginJar : add spi
2025-09-01 10:37:22,985 [INFO] IPUIPlugin:80 - create IPUIPlugin
2025-09-01 10:37:22,985 [INFO] PluginManager:220 - loadIPPluginJar : add stm32_wpan
2025-09-01 10:37:22,986 [INFO] IPUIPlugin:80 - create IPUIPlugin
2025-09-01 10:37:22,986 [INFO] PluginManager:220 - loadIPPluginJar : add tim
2025-09-01 10:37:22,989 [INFO] IPUIPlugin:80 - create IPUIPlugin
2025-09-01 10:37:22,989 [INFO] PluginManager:220 - loadIPPluginJar : add touchsensing
2025-09-01 10:37:22,991 [INFO] IPUIPlugin:80 - create IPUIPlugin
2025-09-01 10:37:22,991 [INFO] PluginManager:220 - loadIPPluginJar : add tracer_emb
2025-09-01 10:37:22,992 [INFO] IPUIPlugin:80 - create IPUIPlugin
2025-09-01 10:37:22,992 [INFO] PluginManager:220 - loadIPPluginJar : add ts
2025-09-01 10:37:22,993 [INFO] IPUIPlugin:80 - create IPUIPlugin
2025-09-01 10:37:22,993 [INFO] PluginManager:220 - loadIPPluginJar : add tsc
2025-09-01 10:37:22,995 [INFO] IPUIPlugin:80 - create IPUIPlugin
2025-09-01 10:37:22,995 [INFO] PluginManager:220 - loadIPPluginJar : add ucpd
2025-09-01 10:37:22,998 [INFO] IPUIPlugin:80 - create IPUIPlugin
2025-09-01 10:37:22,998 [INFO] PluginManager:220 - loadIPPluginJar : add usart
2025-09-01 10:37:23,002 [INFO] IPUIPlugin:80 - create IPUIPlugin
2025-09-01 10:37:23,002 [INFO] PluginManager:220 - loadIPPluginJar : add usbx
2025-09-01 10:37:23,116 [FATAL] Updater:351 - Updater called before beeing initialized
2025-09-01 10:37:23,138 [INFO] RulesReader:64 - Compatibility file has been processed (317 Rules)
2025-09-01 10:37:23,147 [INFO] RulesReader:64 - Compatibility file has been processed (317 Rules)
2025-09-01 10:37:23,154 [INFO] CADModel:165 - CPN selected for project level
2025-09-01 10:37:23,155 [INFO] CADModel:114 - Register for checkConnection events
2025-09-01 10:37:23,155 [FATAL] Updater:351 - Updater called before beeing initialized
2025-09-01 10:37:23,155 [ERROR] CADModel:125 - Updater not yet initialized, retry later 
2025-09-01 10:37:23,261 [FATAL] Updater:351 - Updater called before beeing initialized
2025-09-01 10:37:23,262 [INFO] CADModel:165 - CPN selected for project level
2025-09-01 10:37:23,263 [INFO] CADModel:114 - Register for checkConnection events
2025-09-01 10:37:23,263 [FATAL] Updater:351 - Updater called before beeing initialized
2025-09-01 10:37:23,263 [ERROR] CADModel:125 - Updater not yet initialized, retry later 
2025-09-01 10:37:23,265 [FATAL] Updater:351 - Updater called before beeing initialized
2025-09-01 10:37:23,334 [FATAL] Updater:351 - Updater called before beeing initialized
2025-09-01 10:37:23,337 [INFO] DbMcusAds:53 - JSON generation date=Thu Sep 30 03:55:09 ART 2021 (1632984909247)
2025-09-01 10:37:23,338 [FATAL] Updater:351 - Updater called before beeing initialized
2025-09-01 10:37:23,362 [WARN] DetailPanel:346 - Failed to get advertising image, set to default
2025-09-01 10:37:23,421 [FATAL] Updater:351 - Updater called before beeing initialized
2025-09-01 10:37:23,422 [FATAL] Updater:351 - Updater called before beeing initialized
2025-09-01 10:37:23,422 [FATAL] Updater:351 - Updater called before beeing initialized
2025-09-01 10:37:23,422 [WARN] DetailPanel:346 - Failed to get advertising image, set to default
2025-09-01 10:37:23,423 [FATAL] Updater:351 - Updater called before beeing initialized
2025-09-01 10:37:23,458 [ERROR] Updater:1198 - MainUpdater not yet initialized. External WinMGr cannot be set.
2025-09-01 10:37:23,459 [INFO] Updater:1134 - Updater Version found : 6.15.0
2025-09-01 10:37:23,471 [INFO] ApplicationProperties:184 - Using Application install path: C:\ST\STM32CubeIDE_1.19.0\STM32CubeIDE\plugins\com.st.stm32cube.common.mx_6.15.0.202507011659
2025-09-01 10:37:25,044 [ERROR] LogOutputStream:75 - [STDERR_REDIRECT] Sep 01, 2025 10:37:25 AM java.util.prefs.WindowsPreferences <init>
2025-09-01 10:37:25,046 [ERROR] LogOutputStream:75 - [STDERR_REDIRECT] WARNING: Could not open/create prefs root node Software\JavaSoft\Prefs at root 0xffffffff80000002. Windows RegCreateKeyEx(...) returned error code 5.
2025-09-01 10:37:25,047 [ERROR] LogOutputStream:75 - [STDERR_REDIRECT] 
2025-09-01 10:37:25,365 [INFO] MainUpdater:2872 - connection check result : 10
2025-09-01 10:37:25,365 [INFO] MainUpdater:289 - Updater Check For Update Now.
2025-09-01 10:37:25,366 [INFO] MicroXplorer:498 - Change Database Version : DB.6.0.150
2025-09-01 10:37:25,370 [INFO] McuFinderGlobals:63 - Set McuFinder mode to 2 (CubeIDE integrated)
2025-09-01 10:37:25,370 [INFO] UserAuth:171 - activating auth plugin
2025-09-01 10:37:25,373 [INFO] UserAuth:487 - Internet connection configuration mode: 1
2025-09-01 10:37:25,391 [INFO] JxBrowserEngine:152 - Initiate JxBrowser Engine with user profile folder
2025-09-01 10:37:25,406 [WARN] MainUpdater:1193 - Updater busy. Cannot search thirdparties
2025-09-01 10:37:25,406 [INFO] ThirdPartyUpdaterWithRetryManager:96 - Updater plugin is busy. [1/15]
2025-09-01 10:37:25,546 [INFO] CheckServerUpdateThread:120 - End of CheckServer Thread
2025-09-01 10:37:25,914 [INFO] WebApp:169 - Instantiating new browser for Auth
2025-09-01 10:37:26,472 [INFO] WebApp:463 - Apply proxy settings
2025-09-01 10:37:26,472 [INFO] WebApp:548 - Chromium requires no authentication
2025-09-01 10:37:26,479 [INFO] WebApp:491 - Direct internet connection detected
2025-09-01 10:37:26,498 [INFO] WebApp:900 - Register for checkConnection events
2025-09-01 10:37:26,498 [INFO] WebApp:463 - Apply proxy settings
2025-09-01 10:37:26,498 [INFO] WebApp:548 - Chromium requires no authentication
2025-09-01 10:37:26,499 [INFO] WebApp:491 - Direct internet connection detected
2025-09-01 10:37:26,616 [INFO] WebApp:225 - Starting web application
2025-09-01 10:37:26,616 [INFO] WebApp:593 - Web application path used C:\ST\STM32CubeIDE_1.19.0\STM32CubeIDE\plugins\com.st.stm32cube.common.mx_6.15.0.202507011659\db\plugins\mcufinder\reactClient1\index.html
2025-09-01 10:37:26,847 [INFO] WebApp:191 - Connection restablished
2025-09-01 10:37:28,597 [WARN] PackLoader:240 - Cannot read IP mode file for STMicroelectronics.FP-SNS-MOTENVWB1.1.4.0
2025-09-01 10:37:28,605 [WARN] PackLoader:240 - Cannot read IP mode file for STMicroelectronics.FP-ATR-ASTRA1.2.0.2
2025-09-01 10:37:28,614 [WARN] PackLoader:240 - Cannot read IP mode file for STMicroelectronics.X-CUBE-SMBUS.2.1.0
2025-09-01 10:37:28,620 [WARN] PackLoader:240 - Cannot read IP mode file for STMicroelectronics.X-CUBE-ST60.1.0.0
2025-09-01 10:37:28,657 [WARN] PackLoader:240 - Cannot read IP mode file for STMicroelectronics.X-CUBE-AZRTOS-F7.1.1.0
2025-09-01 10:37:28,671 [WARN] PackLoader:240 - Cannot read IP mode file for WES.I-CUBE-Cesium.1.4.0
2025-09-01 10:37:28,699 [WARN] PackLoader:240 - Cannot read IP mode file for Infineon.AIROC-Wi-Fi-Bluetooth-STM32.1.7.1
2025-09-01 10:37:28,734 [WARN] PackLoader:240 - Cannot read IP mode file for STMicroelectronics.X-CUBE-AZRTOS-H7.3.4.0
2025-09-01 10:37:28,745 [WARN] PackLoader:240 - Cannot read IP mode file for STMicroelectronics.X-CUBE-DISPLAY.3.0.0
2025-09-01 10:37:28,759 [WARN] PackLoader:240 - Cannot read IP mode file for STMicroelectronics.X-CUBE-NFC10.1.0.0
2025-09-01 10:37:28,765 [WARN] PackLoader:240 - Cannot read IP mode file for emotas.I-CUBE-CANOPEN.1.3.0
2025-09-01 10:37:28,774 [WARN] PackLoader:240 - Cannot read IP mode file for STMicroelectronics.FP-SNS-STBOX1.2.1.0
2025-09-01 10:37:28,782 [WARN] PackLoader:240 - Cannot read IP mode file for STMicroelectronics.FP-SNS-SMARTAG2.1.2.0
2025-09-01 10:37:28,787 [WARN] PackLoader:240 - Cannot read IP mode file for STMicroelectronics.FP-SNS-FLIGHT1.5.1.0
2025-09-01 10:37:28,796 [INFO] LogOutputStream:77 - [STDOUT_REDIRECT] 1 : Invalid condition id : UX_CORESTACK_Condition cause : null
2025-09-01 10:37:28,796 [INFO] LogOutputStream:77 - [STDOUT_REDIRECT] 1 : Invalid condition id : UX_CORESTACK_Condition cause : null
2025-09-01 10:37:28,797 [INFO] LogOutputStream:77 - [STDOUT_REDIRECT] 1 : Invalid condition id : UX_CORESTACK_Condition cause : null
2025-09-01 10:37:28,798 [INFO] LogOutputStream:77 - [STDOUT_REDIRECT] 1 : Invalid condition id : UX_CORESTACK_Condition cause : null
2025-09-01 10:37:28,799 [INFO] LogOutputStream:77 - [STDOUT_REDIRECT] 1 : Invalid condition id : UX_CORESTACK_Condition cause : null
2025-09-01 10:37:28,802 [WARN] PackLoader:240 - Cannot read IP mode file for STMicroelectronics.X-CUBE-AZRTOS-WL.2.0.0
2025-09-01 10:37:28,808 [WARN] PackLoader:240 - Cannot read IP mode file for STMicroelectronics.FP-SNS-MOTENV1.5.0.0
2025-09-01 10:37:28,815 [WARN] PackLoader:240 - Cannot read IP mode file for STMicroelectronics.X-CUBE-BLE2.3.3.0
2025-09-01 10:37:28,821 [WARN] PackLoader:240 - Cannot read IP mode file for STMicroelectronics.X-CUBE-NFC9.1.0.0
2025-09-01 10:37:28,826 [WARN] PackLoader:240 - Cannot read IP mode file for wolfSSL.I-CUBE-wolfSSL.5.8.2
2025-09-01 10:37:28,831 [WARN] PackLoader:240 - Cannot read IP mode file for STMicroelectronics.X-CUBE-BLE1.7.1.0
2025-09-01 10:37:28,834 [WARN] PackLoader:240 - Cannot read IP mode file for wolfSSL.I-CUBE-wolfMQTT.1.19.2
2025-09-01 10:37:28,841 [WARN] PackLoader:240 - Cannot read IP mode file for STMicroelectronics.X-CUBE-EEPRMA1.5.2.0
2025-09-01 10:37:28,853 [WARN] PackLoader:240 - Cannot read IP mode file for STMicroelectronics.X-CUBE-AZRTOS-G0.1.1.0
2025-09-01 10:37:28,859 [WARN] PackLoader:240 - Cannot read IP mode file for STMicroelectronics.X-CUBE-SAFEA1.1.2.2
2025-09-01 10:37:28,876 [WARN] PackLoader:240 - Cannot read IP mode file for STMicroelectronics.X-CUBE-NFC4.3.0.0
2025-09-01 10:37:28,886 [WARN] PackLoader:240 - Cannot read IP mode file for EmbeddedOffice.I-CUBE-FS-RTOS.1.0.1
2025-09-01 10:37:28,892 [WARN] PackLoader:240 - Cannot read IP mode file for STMicroelectronics.X-CUBE-WB05N.2.0.0
2025-09-01 10:37:28,896 [WARN] PackLoader:240 - Cannot read IP mode file for wolfSSL.I-CUBE-wolfTPM.3.8.0
2025-09-01 10:37:28,902 [WARN] PackLoader:240 - Cannot read IP mode file for STMicroelectronics.X-CUBE-TCPP.4.2.0
2025-09-01 10:37:28,909 [WARN] PackLoader:240 - Cannot read IP mode file for RealThread.X-CUBE-RT-Thread_Nano.4.1.1
2025-09-01 10:37:28,912 [WARN] PackLoader:240 - Cannot read IP mode file for STMicroelectronics.FP-ATR-SIGFOX1.3.2.0
2025-09-01 10:37:28,917 [WARN] PackLoader:240 - Cannot read IP mode file for ITTIA_DB.I-CUBE-ITTIADB.8.9.0
2025-09-01 10:37:28,922 [WARN] PackLoader:240 - Cannot read IP mode file for STMicroelectronics.X-CUBE-ST67W61.1.0.0
2025-09-01 10:37:28,924 [WARN] PackLoader:240 - Cannot read IP mode file for STMicroelectronics.X-CUBE-AI.10.2.0
2025-09-01 10:37:28,947 [WARN] PackLoader:240 - Cannot read IP mode file for SEGGER.I-CUBE-embOS.1.3.1
2025-09-01 10:37:28,978 [WARN] PackLoader:240 - Cannot read IP mode file for STMicroelectronics.X-CUBE-ALGOBUILD.1.4.0
2025-09-01 10:37:29,010 [WARN] PackLoader:240 - Cannot read IP mode file for STMicroelectronics.X-CUBE-MEMS1.11.3.0
2025-09-01 10:37:29,114 [WARN] PackLoader:240 - Cannot read IP mode file for STMicroelectronics.X-CUBE-PM33A1.1.0.0
2025-09-01 10:37:29,134 [WARN] PackLoader:240 - Cannot read IP mode file for STMicroelectronics.X-CUBE-AZRTOS-F4.1.1.0
2025-09-01 10:37:29,141 [WARN] PackLoader:240 - Cannot read IP mode file for Avnet-IotConnect.X-CUBE-IoTC-DA16k-PMOD.1.0.0
2025-09-01 10:37:29,146 [WARN] PackLoader:240 - Cannot read IP mode file for STMicroelectronics.X-CUBE-ISPU.2.1.0
2025-09-01 10:37:29,155 [WARN] PackLoader:240 - Cannot read IP mode file for STMicroelectronics.X-CUBE-NFC12.1.0.0
2025-09-01 10:37:29,189 [WARN] PackLoader:240 - Cannot read IP mode file for STMicroelectronics.X-CUBE-AZRTOS-L5.2.0.0
2025-09-01 10:37:29,203 [WARN] PackLoader:240 - Cannot read IP mode file for STMicroelectronics.X-CUBE-NFC6.3.1.0
2025-09-01 10:37:29,212 [WARN] PackLoader:240 - Cannot read IP mode file for STMicroelectronics.X-CUBE-FREERTOS.1.3.1
2025-09-01 10:37:29,218 [WARN] PackLoader:240 - Cannot read IP mode file for STMicroelectronics.FP-SNS-STAIOTCFT.1.0.0
2025-09-01 10:37:29,223 [WARN] PackLoader:240 - Cannot read IP mode file for STMicroelectronics.X-CUBE-DPower.1.3.0
2025-09-01 10:37:29,238 [WARN] ConditionMgr:438 - getConditionDescription Invalid condition id : LAN8742 Phy interface Condition cause : null
2025-09-01 10:37:29,239 [WARN] PackLoader:240 - Cannot read IP mode file for STMicroelectronics.X-CUBE-AZRTOS-L4.2.0.0
2025-09-01 10:37:29,240 [WARN] ConditionMgr:1044 - genDependencies : Invalid condition id : LAN8742 Phy interface Condition cause : null
2025-09-01 10:37:29,240 [WARN] ConditionMgr:1044 - genDependencies : Invalid condition id : LAN8742 Phy interface Condition cause : null
2025-09-01 10:37:29,241 [WARN] ConditionMgr:1044 - genDependencies : Invalid condition id : LAN8742 Phy interface Condition cause : null
2025-09-01 10:37:29,246 [WARN] PackLoader:240 - Cannot read IP mode file for STMicroelectronics.X-CUBE-SFXS2LP1.4.0.0
2025-09-01 10:37:29,255 [WARN] PackLoader:240 - Cannot read IP mode file for STMicroelectronics.X-CUBE-BLEMGR.4.1.0
2025-09-01 10:37:29,265 [WARN] ConditionMgr:438 - getConditionDescription Invalid condition id : UX DEVICE CLASS RTOS Condition cause : null
2025-09-01 10:37:29,265 [WARN] ConditionMgr:438 - getConditionDescription Invalid condition id : UX DEVICE CLASS RTOS Condition cause : null
2025-09-01 10:37:29,266 [WARN] PackLoader:240 - Cannot read IP mode file for STMicroelectronics.X-CUBE-AZRTOS-WB.2.0.0
2025-09-01 10:37:29,266 [WARN] ConditionMgr:1044 - genDependencies : Invalid condition id : UX DEVICE CLASS RTOS Condition cause : null
2025-09-01 10:37:29,266 [WARN] ConditionMgr:1044 - genDependencies : Invalid condition id : UX DEVICE CLASS RTOS Condition cause : null
2025-09-01 10:37:29,267 [WARN] ConditionMgr:1044 - genDependencies : Invalid condition id : UX DEVICE CLASS RTOS Condition cause : null
2025-09-01 10:37:29,267 [WARN] ConditionMgr:1044 - genDependencies : Invalid condition id : UX DEVICE CLASS RTOS Condition cause : null
2025-09-01 10:37:29,267 [WARN] ConditionMgr:1044 - genDependencies : Invalid condition id : UX DEVICE CLASS RTOS Condition cause : null
2025-09-01 10:37:29,270 [WARN] PackLoader:240 - Cannot read IP mode file for STMicroelectronics.X-CUBE-GNSS1.7.0.1
2025-09-01 10:37:29,275 [WARN] PackLoader:240 - Cannot read IP mode file for STMicroelectronics.X-CUBE-TOUCHGFX.4.25.0
2025-09-01 10:37:29,278 [WARN] ConditionMgr:438 - getConditionDescription Invalid condition id : Cortex-A Device cause : null
2025-09-01 10:37:29,290 [WARN] ConditionMgr:1044 - genDependencies : Invalid condition id : Cortex-A Device cause : null
2025-09-01 10:37:29,290 [WARN] ConditionMgr:1044 - genDependencies : Invalid condition id : Cortex-A Device cause : null
2025-09-01 10:37:29,290 [WARN] ConditionMgr:1044 - genDependencies : Invalid condition id : Cortex-A Device cause : null
2025-09-01 10:37:29,297 [WARN] PackLoader:240 - Cannot read IP mode file for STMicroelectronics.X-CUBE-SUBG2.5.0.0
2025-09-01 10:37:29,320 [WARN] PackLoader:240 - Cannot read IP mode file for STMicroelectronics.X-CUBE-AZRTOS-H7RS.1.1.0
2025-09-01 10:37:29,325 [WARN] PackLoader:240 - Cannot read IP mode file for Cesanta.I-CUBE-Mongoose.7.13.0
2025-09-01 10:37:29,334 [WARN] PackLoader:240 - Cannot read IP mode file for STMicroelectronics.X-CUBE-AZRTOS-G4.2.0.0
2025-09-01 10:37:29,337 [WARN] PackLoader:240 - Cannot read IP mode file for wolfSSL.I-CUBE-wolfSSH.1.4.20
2025-09-01 10:37:29,341 [WARN] PackLoader:240 - Cannot read IP mode file for STMicroelectronics.X-CUBE-NFC7.2.0.0
2025-09-01 10:37:29,348 [WARN] PackLoader:240 - Cannot read IP mode file for STMicroelectronics.X-CUBE-IPS.3.1.0
2025-09-01 10:37:29,355 [WARN] PackLoader:240 - Cannot read IP mode file for STMicroelectronics.X-CUBE-ALS.1.0.2
2025-09-01 10:37:29,359 [WARN] PackLoader:240 - Cannot read IP mode file for portGmbH.I-Cube-SoM-uGOAL.1.1.0
2025-09-01 10:37:29,365 [WARN] PackLoader:240 - Cannot read IP mode file for STMicroelectronics.X-CUBE-TOF1.3.4.3
2025-09-01 10:37:29,371 [INFO] ThirdParty:978 - Integrity check success = true
2025-09-01 10:37:29,371 [INFO] IntegrityCheckThread:100 - exiting critical section [integrity check]
2025-09-01 10:37:29,371 [INFO] IntegrityCheckThread:103 - End integrity checks thread
2025-09-01 10:38:47,363 [ERROR] LogOutputStream:75 - [STDERR_REDIRECT] 
2025-09-01 10:38:47,365 [ERROR] LogOutputStream:75 - [STDERR_REDIRECT] 
2025-09-01 10:39:44,813 [INFO] Activator:176 - 


2025-09-01 10:39:44,814 [INFO] Activator:177 - !SESSION log4j initialized
2025-09-01 10:39:47,317 [INFO] LogOutputStream:77 - [STDOUT_REDIRECT] 
2025-09-01 10:39:49,506 [INFO] ApplicationProperties:184 - Using Application install path: C:\ST\STM32CubeIDE_1.19.0\STM32CubeIDE\plugins\com.st.stm32cube.common.mx_6.15.0.202507011659
2025-09-01 10:39:49,521 [INFO] DbMcusXml:78 - Set database path to: C:\ST\STM32CubeIDE_1.19.0\STM32CubeIDE\plugins\com.st.stm32cube.common.mx_6.15.0.202507011659\\db\/mcu/
2025-09-01 10:39:49,521 [INFO] ApiDb:274 - Set plugin database path to: C:\ST\STM32CubeIDE_1.19.0\STM32CubeIDE\plugins\com.st.stm32cube.common.mx_6.15.0.202507011659\\db\/plugins/boardmanager/
2025-09-01 10:39:49,521 [WARN] ApiDb:259 - Overriding images path with different value:  => C:\ST\STM32CubeIDE_1.19.0\STM32CubeIDE\plugins\com.st.stm32cube.common.mx_6.15.0.202507011659\\db\/plugins/mcufinder/images/
2025-09-01 10:39:49,525 [INFO] ApiDb:250 - Set database path to: C:\Users\Paulo\.stmcufinder\plugins\mcufinder//mcu/
2025-09-01 10:39:49,526 [INFO] DbMcusAds:125 - Set database path to: C:\Users\Paulo\.stmcufinder\plugins\mcufinder//mcu/
2025-09-01 10:39:49,528 [INFO] CrossReferenceDbSqlite:203 - Set database path to: C:\Users\Paulo\.stmcufinder\plugins\mcufinder//mcu/cs/
2025-09-01 10:39:49,621 [INFO] RulesReader:64 - Compatibility file has been processed (317 Rules)
2025-09-01 10:39:49,677 [INFO] DbMcusXml:78 - Set database path to: C:\ST\STM32CubeIDE_1.19.0\STM32CubeIDE\plugins\com.st.stm32cube.common.mx_6.15.0.202507011659\\db\/mcu/
2025-09-01 10:39:49,677 [INFO] ApiDb:274 - Set plugin database path to: C:\ST\STM32CubeIDE_1.19.0\STM32CubeIDE\plugins\com.st.stm32cube.common.mx_6.15.0.202507011659\\db\/plugins/boardmanager/
2025-09-01 10:39:49,677 [INFO] ApiDb:261 - Set plugin images path to: C:\ST\STM32CubeIDE_1.19.0\STM32CubeIDE\plugins\com.st.stm32cube.common.mx_6.15.0.202507011659\\db\/plugins/mcufinder/images/
2025-09-01 10:39:49,677 [WARN] DbFile:41 - Overriding database path with different value: C:\Users\Paulo\.stmcufinder\plugins\mcufinder/ => C:\Users\Paulo\.stmcufinder\plugins\mcufinder
2025-09-01 10:39:49,678 [INFO] ApiDb:250 - Set database path to: C:\Users\Paulo\.stmcufinder\plugins\mcufinder//mcu/
2025-09-01 10:39:49,678 [WARN] DbFile:41 - Overriding database path with different value: C:\Users\Paulo\.stmcufinder\plugins\mcufinder/ => C:\Users\Paulo\.stmcufinder\plugins\mcufinder
2025-09-01 10:39:49,678 [INFO] DbMcusAds:125 - Set database path to: C:\Users\Paulo\.stmcufinder\plugins\mcufinder//mcu/
2025-09-01 10:39:49,678 [WARN] DbFile:41 - Overriding database path with different value: C:\Users\Paulo\.stmcufinder\plugins\mcufinder/ => C:\Users\Paulo\.stmcufinder\plugins\mcufinder
2025-09-01 10:39:49,678 [WARN] DbFile:41 - Overriding database path with different value: C:\Users\Paulo\.stmcufinder\plugins\mcufinder/ => C:\Users\Paulo\.stmcufinder\plugins\mcufinder
2025-09-01 10:39:49,678 [INFO] CrossReferenceDbSqlite:203 - Set database path to: C:\Users\Paulo\.stmcufinder\plugins\mcufinder//mcu/cs/
2025-09-01 10:39:49,727 [INFO] MainPanel:274 - HeapMemory: 268435456
2025-09-01 10:39:49,787 [INFO] DbMcusXml:78 - Set database path to: C:\ST\STM32CubeIDE_1.19.0\STM32CubeIDE\plugins\com.st.stm32cube.common.mx_6.15.0.202507011659\\db\/mcu/
2025-09-01 10:39:49,787 [INFO] ApiDb:274 - Set plugin database path to: C:\ST\STM32CubeIDE_1.19.0\STM32CubeIDE\plugins\com.st.stm32cube.common.mx_6.15.0.202507011659\\db\/plugins/boardmanager/
2025-09-01 10:39:49,787 [INFO] ApiDb:261 - Set plugin images path to: C:\ST\STM32CubeIDE_1.19.0\STM32CubeIDE\plugins\com.st.stm32cube.common.mx_6.15.0.202507011659\\db\/plugins/mcufinder/images/
2025-09-01 10:39:49,787 [WARN] DbFile:41 - Overriding database path with different value: C:\Users\Paulo\.stmcufinder\plugins\mcufinder/ => C:\Users\Paulo\.stmcufinder\plugins\mcufinder
2025-09-01 10:39:49,788 [INFO] ApiDb:250 - Set database path to: C:\Users\Paulo\.stmcufinder\plugins\mcufinder//mcu/
2025-09-01 10:39:49,788 [WARN] DbFile:41 - Overriding database path with different value: C:\Users\Paulo\.stmcufinder\plugins\mcufinder/ => C:\Users\Paulo\.stmcufinder\plugins\mcufinder
2025-09-01 10:39:49,788 [INFO] DbMcusAds:125 - Set database path to: C:\Users\Paulo\.stmcufinder\plugins\mcufinder//mcu/
2025-09-01 10:39:49,788 [WARN] DbFile:41 - Overriding database path with different value: C:\Users\Paulo\.stmcufinder\plugins\mcufinder/ => C:\Users\Paulo\.stmcufinder\plugins\mcufinder
2025-09-01 10:39:49,788 [WARN] DbFile:41 - Overriding database path with different value: C:\Users\Paulo\.stmcufinder\plugins\mcufinder/ => C:\Users\Paulo\.stmcufinder\plugins\mcufinder
2025-09-01 10:39:49,788 [INFO] CrossReferenceDbSqlite:203 - Set database path to: C:\Users\Paulo\.stmcufinder\plugins\mcufinder//mcu/cs/
2025-09-01 10:39:49,802 [INFO] ApplicationProperties:184 - Using Application install path: C:\ST\STM32CubeIDE_1.19.0\STM32CubeIDE\plugins\com.st.stm32cube.common.mx_6.15.0.202507011659
2025-09-01 10:39:49,803 [INFO] PluginManage:196 - Search for loadable plugins [exclusion list=, ]
2025-09-01 10:39:49,804 [INFO] PluginManage:310 - Check plugin analytics
2025-09-01 10:39:49,950 [INFO] AnalyticsPlugin:253 - Accepted Software Licenses: 
2025-09-01 10:39:49,950 [INFO] AnalyticsPlugin:255 - Accepted CMSIS Pack Licenses: 
2025-09-01 10:39:49,950 [INFO] AnalyticsPlugin:257 - Accepted Firmware Licenses: 
2025-09-01 10:39:49,952 [INFO] PluginManage:359 - Loaded plugin analytics (category:tool,tabindex:-1)
2025-09-01 10:39:49,953 [INFO] PluginManage:310 - Check plugin cadmodel
2025-09-01 10:39:49,956 [INFO] CADModel:105 - Init CAD model plugin
2025-09-01 10:39:49,957 [INFO] PluginManage:359 - Loaded plugin cadmodel (category:power,tabindex:5)
2025-09-01 10:39:49,957 [INFO] PluginManage:310 - Check plugin clock
2025-09-01 10:39:49,963 [INFO] PluginManage:359 - Loaded plugin clock (category:base,tabindex:2)
2025-09-01 10:39:49,964 [INFO] PluginManage:310 - Check plugin ddr
2025-09-01 10:39:49,965 [INFO] PluginManage:359 - Loaded plugin ddr (category:tool,tabindex:6)
2025-09-01 10:39:49,966 [INFO] PluginManage:310 - Check plugin filemanager
2025-09-01 10:39:50,112 [INFO] PluginManage:359 - Loaded plugin filemanager (category:base,tabindex:10)
2025-09-01 10:39:50,113 [INFO] PluginManage:310 - Check plugin ipmanager
2025-09-01 10:39:50,119 [INFO] PluginManage:359 - Loaded plugin ipmanager (category:base,tabindex:5)
2025-09-01 10:39:50,119 [INFO] PluginManage:310 - Check plugin lpbam
2025-09-01 10:39:50,125 [INFO] PluginManage:359 - Loaded plugin lpbam (category:base,tabindex:0)
2025-09-01 10:39:50,125 [INFO] PluginManage:310 - Check plugin memorymap
2025-09-01 10:39:50,133 [INFO] PluginManage:359 - Loaded plugin memorymap (category:base,tabindex:4)
2025-09-01 10:39:50,133 [INFO] PluginManage:310 - Check plugin pinoutandconfiguration
2025-09-01 10:39:50,138 [INFO] PluginManage:359 - Loaded plugin pinoutandconfiguration (category:base,tabindex:1)
2025-09-01 10:39:50,138 [INFO] PluginManage:310 - Check plugin pinoutconfig
2025-09-01 10:39:50,204 [WARN] SupportedApi:132 - Cannot load RTOS API schema: s4s-elt-must-match.1: The content of 'definitions' must match (annotation?, (simpleType | complexType)?, (unique | key | keyref)*)). A problem was found starting at: attribute.
2025-09-01 10:39:50,297 [INFO] PluginManage:359 - Loaded plugin pinoutconfig (category:base,tabindex:0)
2025-09-01 10:39:50,297 [INFO] PluginManage:310 - Check plugin power
2025-09-01 10:39:50,302 [INFO] PluginManage:359 - Loaded plugin power (category:power,tabindex:4)
2025-09-01 10:39:50,303 [INFO] PluginManage:310 - Check plugin projectmanager
2025-09-01 10:39:50,316 [INFO] PluginManage:359 - Loaded plugin projectmanager (category:projectmanager,tabindex:4)
2025-09-01 10:39:50,316 [INFO] PluginManage:310 - Check plugin rif
2025-09-01 10:39:50,322 [INFO] PluginManage:359 - Loaded plugin rif (category:base,tabindex:3)
2025-09-01 10:39:50,322 [INFO] PluginManage:310 - Check plugin thirdparty
2025-09-01 10:39:50,410 [INFO] PluginManage:359 - Loaded plugin thirdparty (category:base,tabindex:-1)
2025-09-01 10:39:50,410 [WARN] IntegrityCheckThread:84 - waiting for thirdparty lock release [integrity check]
2025-09-01 10:39:50,410 [INFO] IntegrityCheckThread:86 - entering critical section [integrity check]
2025-09-01 10:39:50,411 [INFO] PluginManage:310 - Check plugin tools
2025-09-01 10:39:50,411 [INFO] ThirdPartyUpdaterWithRetryManager:70 - Updater plugin not ready yet. [1/15]
2025-09-01 10:39:50,413 [INFO] PluginManage:359 - Loaded plugin tools (category:base,tabindex:7)
2025-09-01 10:39:50,413 [INFO] PluginManage:310 - Check plugin tutovideos
2025-09-01 10:39:50,540 [INFO] PluginManage:359 - Loaded plugin tutovideos (category:base,tabindex:-1)
2025-09-01 10:39:50,540 [INFO] PluginManage:310 - Check plugin updater
2025-09-01 10:39:50,560 [INFO] PluginManage:359 - Loaded plugin updater (category:base,tabindex:12)
2025-09-01 10:39:50,560 [INFO] PluginManage:310 - Check plugin userauth
2025-09-01 10:39:50,563 [INFO] UserAuth:118 - Init User Auth plugin
2025-09-01 10:39:50,564 [INFO] PluginManage:359 - Loaded plugin userauth (category:base,tabindex:14)
2025-09-01 10:39:50,564 [INFO] PluginManage:283 - PluginManage : Loaded plugins [18]
2025-09-01 10:39:50,733 [INFO] PinOutPanel:1589 - setPackage(No Configuration,No Configuration)
2025-09-01 10:39:50,802 [INFO] CADModel:165 - CPN selected for project level
2025-09-01 10:39:50,802 [INFO] CADModel:114 - Register for checkConnection events
2025-09-01 10:39:50,813 [INFO] IPUIPlugin:80 - create IPUIPlugin
2025-09-01 10:39:50,813 [INFO] PluginManager:220 - loadIPPluginJar : add adc
2025-09-01 10:39:50,815 [INFO] IPUIPlugin:80 - create IPUIPlugin
2025-09-01 10:39:50,815 [INFO] PluginManager:220 - loadIPPluginJar : add aes
2025-09-01 10:39:50,817 [INFO] IPUIPlugin:80 - create IPUIPlugin
2025-09-01 10:39:50,817 [INFO] PluginManager:220 - loadIPPluginJar : add can
2025-09-01 10:39:50,819 [INFO] IPUIPlugin:80 - create IPUIPlugin
2025-09-01 10:39:50,819 [INFO] PluginManager:220 - loadIPPluginJar : add comp
2025-09-01 10:39:50,820 [INFO] IPUIPlugin:80 - create IPUIPlugin
2025-09-01 10:39:50,820 [INFO] PluginManager:220 - loadIPPluginJar : add cryp
2025-09-01 10:39:50,822 [INFO] IPUIPlugin:80 - create IPUIPlugin
2025-09-01 10:39:50,822 [INFO] PluginManager:220 - loadIPPluginJar : add ddr_ctrl_phy
2025-09-01 10:39:50,823 [INFO] IPUIPlugin:80 - create IPUIPlugin
2025-09-01 10:39:50,823 [INFO] PluginManager:220 - loadIPPluginJar : add dfsdm
2025-09-01 10:39:50,827 [INFO] IPUIPlugin:80 - create IPUIPlugin
2025-09-01 10:39:50,828 [INFO] PluginManager:220 - loadIPPluginJar : add dma
2025-09-01 10:39:50,830 [INFO] IPUIPlugin:80 - create IPUIPlugin
2025-09-01 10:39:50,830 [INFO] PluginManager:220 - loadIPPluginJar : add dma3
2025-09-01 10:39:50,831 [INFO] IPUIPlugin:80 - create IPUIPlugin
2025-09-01 10:39:50,832 [INFO] PluginManager:220 - loadIPPluginJar : add extmemmanager
2025-09-01 10:39:50,832 [INFO] IPUIPlugin:80 - create IPUIPlugin
2025-09-01 10:39:50,833 [INFO] PluginManager:220 - loadIPPluginJar : add fatfs
2025-09-01 10:39:50,836 [INFO] IPUIPlugin:80 - create IPUIPlugin
2025-09-01 10:39:50,836 [INFO] PluginManager:220 - loadIPPluginJar : add fmc
2025-09-01 10:39:50,841 [INFO] IPUIPlugin:80 - create IPUIPlugin
2025-09-01 10:39:50,841 [INFO] PluginManager:220 - loadIPPluginJar : add freertos
2025-09-01 10:39:50,842 [INFO] IPUIPlugin:80 - create IPUIPlugin
2025-09-01 10:39:50,842 [INFO] PluginManager:220 - loadIPPluginJar : add genericplugin
2025-09-01 10:39:50,844 [INFO] IPUIPlugin:80 - create IPUIPlugin
2025-09-01 10:39:50,844 [INFO] PluginManager:220 - loadIPPluginJar : add gfxmmu
2025-09-01 10:39:50,848 [INFO] IPUIPlugin:80 - create IPUIPlugin
2025-09-01 10:39:50,848 [INFO] PluginManager:220 - loadIPPluginJar : add gic
2025-09-01 10:39:50,851 [INFO] IPUIPlugin:80 - create IPUIPlugin
2025-09-01 10:39:50,851 [INFO] PluginManager:220 - loadIPPluginJar : add gpio
2025-09-01 10:39:50,853 [INFO] IPUIPlugin:80 - create IPUIPlugin
2025-09-01 10:39:50,854 [INFO] PluginManager:220 - loadIPPluginJar : add gtzc
2025-09-01 10:39:50,855 [INFO] IPUIPlugin:80 - create IPUIPlugin
2025-09-01 10:39:50,855 [INFO] PluginManager:220 - loadIPPluginJar : add hash
2025-09-01 10:39:50,857 [INFO] IPUIPlugin:80 - create IPUIPlugin
2025-09-01 10:39:50,857 [INFO] PluginManager:220 - loadIPPluginJar : add i2c
2025-09-01 10:39:50,860 [INFO] IPUIPlugin:80 - create IPUIPlugin
2025-09-01 10:39:50,860 [INFO] PluginManager:220 - loadIPPluginJar : add i2s
2025-09-01 10:39:50,862 [INFO] IPUIPlugin:80 - create IPUIPlugin
2025-09-01 10:39:50,862 [INFO] PluginManager:220 - loadIPPluginJar : add i3c
2025-09-01 10:39:50,865 [INFO] IPUIPlugin:80 - create IPUIPlugin
2025-09-01 10:39:50,865 [INFO] PluginManager:220 - loadIPPluginJar : add ipddr
2025-09-01 10:39:50,870 [INFO] IPUIPlugin:80 - create IPUIPlugin
2025-09-01 10:39:50,870 [INFO] PluginManager:220 - loadIPPluginJar : add linkedlist
2025-09-01 10:39:50,873 [INFO] IPUIPlugin:80 - create IPUIPlugin
2025-09-01 10:39:50,873 [INFO] PluginManager:220 - loadIPPluginJar : add lorawan
2025-09-01 10:39:50,874 [INFO] IPUIPlugin:80 - create IPUIPlugin
2025-09-01 10:39:50,874 [INFO] PluginManager:220 - loadIPPluginJar : add ltdc
2025-09-01 10:39:50,878 [INFO] IPUIPlugin:80 - create IPUIPlugin
2025-09-01 10:39:50,878 [INFO] PluginManager:220 - loadIPPluginJar : add mdma
2025-09-01 10:39:50,881 [INFO] IPUIPlugin:80 - create IPUIPlugin
2025-09-01 10:39:50,881 [INFO] PluginManager:220 - loadIPPluginJar : add nvic
2025-09-01 10:39:50,884 [INFO] IPUIPlugin:80 - create IPUIPlugin
2025-09-01 10:39:50,884 [INFO] PluginManager:220 - loadIPPluginJar : add opamp
2025-09-01 10:39:50,886 [INFO] IPUIPlugin:80 - create IPUIPlugin
2025-09-01 10:39:50,886 [INFO] PluginManager:220 - loadIPPluginJar : add openamp
2025-09-01 10:39:50,890 [INFO] IPUIPlugin:80 - create IPUIPlugin
2025-09-01 10:39:50,890 [INFO] PluginManager:220 - loadIPPluginJar : add pdm2pcm
2025-09-01 10:39:50,895 [INFO] IPUIPlugin:80 - create IPUIPlugin
2025-09-01 10:39:50,897 [INFO] PluginManager:220 - loadIPPluginJar : add plateformsettings
2025-09-01 10:39:50,898 [INFO] IPUIPlugin:80 - create IPUIPlugin
2025-09-01 10:39:50,899 [INFO] PluginManager:220 - loadIPPluginJar : add quadspi
2025-09-01 10:39:50,900 [INFO] IPUIPlugin:80 - create IPUIPlugin
2025-09-01 10:39:50,900 [INFO] PluginManager:220 - loadIPPluginJar : add radio
2025-09-01 10:39:50,903 [INFO] IPUIPlugin:80 - create IPUIPlugin
2025-09-01 10:39:50,903 [INFO] PluginManager:220 - loadIPPluginJar : add resmgrutility
2025-09-01 10:39:50,906 [INFO] IPUIPlugin:80 - create IPUIPlugin
2025-09-01 10:39:50,906 [INFO] PluginManager:220 - loadIPPluginJar : add sai
2025-09-01 10:39:50,908 [INFO] IPUIPlugin:80 - create IPUIPlugin
2025-09-01 10:39:50,908 [INFO] PluginManager:220 - loadIPPluginJar : add spi
2025-09-01 10:39:50,914 [INFO] IPUIPlugin:80 - create IPUIPlugin
2025-09-01 10:39:50,915 [INFO] PluginManager:220 - loadIPPluginJar : add stm32_wpan
2025-09-01 10:39:50,916 [INFO] IPUIPlugin:80 - create IPUIPlugin
2025-09-01 10:39:50,916 [INFO] PluginManager:220 - loadIPPluginJar : add tim
2025-09-01 10:39:50,919 [INFO] IPUIPlugin:80 - create IPUIPlugin
2025-09-01 10:39:50,919 [INFO] PluginManager:220 - loadIPPluginJar : add touchsensing
2025-09-01 10:39:50,921 [INFO] IPUIPlugin:80 - create IPUIPlugin
2025-09-01 10:39:50,921 [INFO] PluginManager:220 - loadIPPluginJar : add tracer_emb
2025-09-01 10:39:50,922 [INFO] IPUIPlugin:80 - create IPUIPlugin
2025-09-01 10:39:50,922 [INFO] PluginManager:220 - loadIPPluginJar : add ts
2025-09-01 10:39:50,924 [INFO] IPUIPlugin:80 - create IPUIPlugin
2025-09-01 10:39:50,924 [INFO] PluginManager:220 - loadIPPluginJar : add tsc
2025-09-01 10:39:50,926 [INFO] IPUIPlugin:80 - create IPUIPlugin
2025-09-01 10:39:50,926 [INFO] PluginManager:220 - loadIPPluginJar : add ucpd
2025-09-01 10:39:50,929 [INFO] IPUIPlugin:80 - create IPUIPlugin
2025-09-01 10:39:50,929 [INFO] PluginManager:220 - loadIPPluginJar : add usart
2025-09-01 10:39:50,932 [INFO] IPUIPlugin:80 - create IPUIPlugin
2025-09-01 10:39:50,932 [INFO] PluginManager:220 - loadIPPluginJar : add usbx
2025-09-01 10:39:51,050 [FATAL] Updater:351 - Updater called before beeing initialized
2025-09-01 10:39:51,073 [INFO] RulesReader:64 - Compatibility file has been processed (317 Rules)
2025-09-01 10:39:51,081 [INFO] RulesReader:64 - Compatibility file has been processed (317 Rules)
2025-09-01 10:39:51,087 [INFO] CADModel:165 - CPN selected for project level
2025-09-01 10:39:51,087 [INFO] CADModel:114 - Register for checkConnection events
2025-09-01 10:39:51,087 [FATAL] Updater:351 - Updater called before beeing initialized
2025-09-01 10:39:51,087 [ERROR] CADModel:125 - Updater not yet initialized, retry later 
2025-09-01 10:39:51,197 [FATAL] Updater:351 - Updater called before beeing initialized
2025-09-01 10:39:51,199 [INFO] CADModel:165 - CPN selected for project level
2025-09-01 10:39:51,199 [INFO] CADModel:114 - Register for checkConnection events
2025-09-01 10:39:51,199 [FATAL] Updater:351 - Updater called before beeing initialized
2025-09-01 10:39:51,199 [ERROR] CADModel:125 - Updater not yet initialized, retry later 
2025-09-01 10:39:51,201 [FATAL] Updater:351 - Updater called before beeing initialized
2025-09-01 10:39:51,268 [FATAL] Updater:351 - Updater called before beeing initialized
2025-09-01 10:39:51,271 [INFO] DbMcusAds:53 - JSON generation date=Thu Sep 30 03:55:09 ART 2021 (1632984909247)
2025-09-01 10:39:51,271 [FATAL] Updater:351 - Updater called before beeing initialized
2025-09-01 10:39:51,297 [WARN] DetailPanel:346 - Failed to get advertising image, set to default
2025-09-01 10:39:51,358 [FATAL] Updater:351 - Updater called before beeing initialized
2025-09-01 10:39:51,359 [FATAL] Updater:351 - Updater called before beeing initialized
2025-09-01 10:39:51,360 [FATAL] Updater:351 - Updater called before beeing initialized
2025-09-01 10:39:51,360 [WARN] DetailPanel:346 - Failed to get advertising image, set to default
2025-09-01 10:39:51,361 [FATAL] Updater:351 - Updater called before beeing initialized
2025-09-01 10:39:51,391 [ERROR] Updater:1198 - MainUpdater not yet initialized. External WinMGr cannot be set.
2025-09-01 10:39:51,392 [INFO] Updater:1134 - Updater Version found : 6.15.0
2025-09-01 10:39:51,404 [INFO] ApplicationProperties:184 - Using Application install path: C:\ST\STM32CubeIDE_1.19.0\STM32CubeIDE\plugins\com.st.stm32cube.common.mx_6.15.0.202507011659
2025-09-01 10:39:52,974 [ERROR] LogOutputStream:75 - [STDERR_REDIRECT] Sep 01, 2025 10:39:52 AM java.util.prefs.WindowsPreferences <init>
2025-09-01 10:39:52,975 [ERROR] LogOutputStream:75 - [STDERR_REDIRECT] WARNING: Could not open/create prefs root node Software\JavaSoft\Prefs at root 0xffffffff80000002. Windows RegCreateKeyEx(...) returned error code 5.
2025-09-01 10:39:52,975 [ERROR] LogOutputStream:75 - [STDERR_REDIRECT] 
2025-09-01 10:39:53,221 [INFO] MainUpdater:2872 - connection check result : 10
2025-09-01 10:39:53,222 [INFO] MainUpdater:289 - Updater Check For Update Now.
2025-09-01 10:39:53,222 [INFO] MicroXplorer:498 - Change Database Version : DB.6.0.150
2025-09-01 10:39:53,231 [INFO] McuFinderGlobals:63 - Set McuFinder mode to 2 (CubeIDE integrated)
2025-09-01 10:39:53,231 [INFO] UserAuth:171 - activating auth plugin
2025-09-01 10:39:53,234 [INFO] UserAuth:487 - Internet connection configuration mode: 1
2025-09-01 10:39:53,256 [INFO] JxBrowserEngine:152 - Initiate JxBrowser Engine with user profile folder
2025-09-01 10:39:53,402 [INFO] CheckServerUpdateThread:120 - End of CheckServer Thread
2025-09-01 10:39:53,622 [WARN] PackLoader:240 - Cannot read IP mode file for STMicroelectronics.FP-SNS-MOTENVWB1.1.4.0
2025-09-01 10:39:53,633 [WARN] PackLoader:240 - Cannot read IP mode file for STMicroelectronics.FP-ATR-ASTRA1.2.0.2
2025-09-01 10:39:53,646 [WARN] PackLoader:240 - Cannot read IP mode file for STMicroelectronics.X-CUBE-SMBUS.2.1.0
2025-09-01 10:39:53,654 [WARN] PackLoader:240 - Cannot read IP mode file for STMicroelectronics.X-CUBE-ST60.1.0.0
2025-09-01 10:39:53,704 [WARN] PackLoader:240 - Cannot read IP mode file for STMicroelectronics.X-CUBE-AZRTOS-F7.1.1.0
2025-09-01 10:39:53,725 [WARN] PackLoader:240 - Cannot read IP mode file for WES.I-CUBE-Cesium.1.4.0
2025-09-01 10:39:53,765 [WARN] PackLoader:240 - Cannot read IP mode file for Infineon.AIROC-Wi-Fi-Bluetooth-STM32.1.7.1
2025-09-01 10:39:53,811 [WARN] PackLoader:240 - Cannot read IP mode file for STMicroelectronics.X-CUBE-AZRTOS-H7.3.4.0
2025-09-01 10:39:53,828 [WARN] PackLoader:240 - Cannot read IP mode file for STMicroelectronics.X-CUBE-DISPLAY.3.0.0
2025-09-01 10:39:53,844 [WARN] PackLoader:240 - Cannot read IP mode file for STMicroelectronics.X-CUBE-NFC10.1.0.0
2025-09-01 10:39:53,857 [WARN] PackLoader:240 - Cannot read IP mode file for emotas.I-CUBE-CANOPEN.1.3.0
2025-09-01 10:39:53,867 [WARN] PackLoader:240 - Cannot read IP mode file for STMicroelectronics.FP-SNS-STBOX1.2.1.0
2025-09-01 10:39:53,876 [WARN] PackLoader:240 - Cannot read IP mode file for STMicroelectronics.FP-SNS-SMARTAG2.1.2.0
2025-09-01 10:39:53,881 [WARN] PackLoader:240 - Cannot read IP mode file for STMicroelectronics.FP-SNS-FLIGHT1.5.1.0
2025-09-01 10:39:53,893 [INFO] LogOutputStream:77 - [STDOUT_REDIRECT] 1 : Invalid condition id : UX_CORESTACK_Condition cause : null
2025-09-01 10:39:53,893 [INFO] LogOutputStream:77 - [STDOUT_REDIRECT] 1 : Invalid condition id : UX_CORESTACK_Condition cause : null
2025-09-01 10:39:53,895 [INFO] LogOutputStream:77 - [STDOUT_REDIRECT] 1 : Invalid condition id : UX_CORESTACK_Condition cause : null
2025-09-01 10:39:53,896 [INFO] LogOutputStream:77 - [STDOUT_REDIRECT] 1 : Invalid condition id : UX_CORESTACK_Condition cause : null
2025-09-01 10:39:53,897 [INFO] LogOutputStream:77 - [STDOUT_REDIRECT] 1 : Invalid condition id : UX_CORESTACK_Condition cause : null
2025-09-01 10:39:53,901 [WARN] PackLoader:240 - Cannot read IP mode file for STMicroelectronics.X-CUBE-AZRTOS-WL.2.0.0
2025-09-01 10:39:53,907 [WARN] PackLoader:240 - Cannot read IP mode file for STMicroelectronics.FP-SNS-MOTENV1.5.0.0
2025-09-01 10:39:53,909 [INFO] WebApp:169 - Instantiating new browser for Auth
2025-09-01 10:39:53,919 [WARN] PackLoader:240 - Cannot read IP mode file for STMicroelectronics.X-CUBE-BLE2.3.3.0
2025-09-01 10:39:53,927 [WARN] PackLoader:240 - Cannot read IP mode file for STMicroelectronics.X-CUBE-NFC9.1.0.0
2025-09-01 10:39:53,943 [WARN] PackLoader:240 - Cannot read IP mode file for wolfSSL.I-CUBE-wolfSSL.5.8.2
2025-09-01 10:39:53,950 [WARN] PackLoader:240 - Cannot read IP mode file for STMicroelectronics.X-CUBE-BLE1.7.1.0
2025-09-01 10:39:53,959 [WARN] PackLoader:240 - Cannot read IP mode file for wolfSSL.I-CUBE-wolfMQTT.1.19.2
2025-09-01 10:39:53,970 [WARN] PackLoader:240 - Cannot read IP mode file for STMicroelectronics.X-CUBE-EEPRMA1.5.2.0
2025-09-01 10:39:53,991 [WARN] PackLoader:240 - Cannot read IP mode file for STMicroelectronics.X-CUBE-AZRTOS-G0.1.1.0
2025-09-01 10:39:54,005 [WARN] PackLoader:240 - Cannot read IP mode file for STMicroelectronics.X-CUBE-SAFEA1.1.2.2
2025-09-01 10:39:54,015 [WARN] PackLoader:240 - Cannot read IP mode file for STMicroelectronics.X-CUBE-NFC4.3.0.0
2025-09-01 10:39:54,031 [WARN] PackLoader:240 - Cannot read IP mode file for EmbeddedOffice.I-CUBE-FS-RTOS.1.0.1
2025-09-01 10:39:54,038 [WARN] PackLoader:240 - Cannot read IP mode file for STMicroelectronics.X-CUBE-WB05N.2.0.0
2025-09-01 10:39:54,043 [WARN] PackLoader:240 - Cannot read IP mode file for wolfSSL.I-CUBE-wolfTPM.3.8.0
2025-09-01 10:39:54,052 [WARN] PackLoader:240 - Cannot read IP mode file for STMicroelectronics.X-CUBE-TCPP.4.2.0
2025-09-01 10:39:54,060 [WARN] PackLoader:240 - Cannot read IP mode file for RealThread.X-CUBE-RT-Thread_Nano.4.1.1
2025-09-01 10:39:54,067 [WARN] PackLoader:240 - Cannot read IP mode file for STMicroelectronics.FP-ATR-SIGFOX1.3.2.0
2025-09-01 10:39:54,075 [WARN] PackLoader:240 - Cannot read IP mode file for ITTIA_DB.I-CUBE-ITTIADB.8.9.0
2025-09-01 10:39:54,086 [WARN] PackLoader:240 - Cannot read IP mode file for STMicroelectronics.X-CUBE-ST67W61.1.0.0
2025-09-01 10:39:54,092 [WARN] PackLoader:240 - Cannot read IP mode file for STMicroelectronics.X-CUBE-AI.10.2.0
2025-09-01 10:39:54,139 [WARN] PackLoader:240 - Cannot read IP mode file for SEGGER.I-CUBE-embOS.1.3.1
2025-09-01 10:39:54,185 [WARN] PackLoader:240 - Cannot read IP mode file for STMicroelectronics.X-CUBE-ALGOBUILD.1.4.0
2025-09-01 10:39:54,239 [WARN] PackLoader:240 - Cannot read IP mode file for STMicroelectronics.X-CUBE-MEMS1.11.3.0
2025-09-01 10:39:54,351 [WARN] PackLoader:240 - Cannot read IP mode file for STMicroelectronics.X-CUBE-PM33A1.1.0.0
2025-09-01 10:39:54,370 [WARN] PackLoader:240 - Cannot read IP mode file for STMicroelectronics.X-CUBE-AZRTOS-F4.1.1.0
2025-09-01 10:39:54,377 [WARN] PackLoader:240 - Cannot read IP mode file for Avnet-IotConnect.X-CUBE-IoTC-DA16k-PMOD.1.0.0
2025-09-01 10:39:54,381 [WARN] PackLoader:240 - Cannot read IP mode file for STMicroelectronics.X-CUBE-ISPU.2.1.0
2025-09-01 10:39:54,394 [WARN] PackLoader:240 - Cannot read IP mode file for STMicroelectronics.X-CUBE-NFC12.1.0.0
2025-09-01 10:39:54,435 [WARN] PackLoader:240 - Cannot read IP mode file for STMicroelectronics.X-CUBE-AZRTOS-L5.2.0.0
2025-09-01 10:39:54,455 [WARN] PackLoader:240 - Cannot read IP mode file for STMicroelectronics.X-CUBE-NFC6.3.1.0
2025-09-01 10:39:54,476 [WARN] PackLoader:240 - Cannot read IP mode file for STMicroelectronics.X-CUBE-FREERTOS.1.3.1
2025-09-01 10:39:54,485 [WARN] PackLoader:240 - Cannot read IP mode file for STMicroelectronics.FP-SNS-STAIOTCFT.1.0.0
2025-09-01 10:39:54,492 [WARN] PackLoader:240 - Cannot read IP mode file for STMicroelectronics.X-CUBE-DPower.1.3.0
2025-09-01 10:39:54,510 [WARN] ConditionMgr:438 - getConditionDescription Invalid condition id : LAN8742 Phy interface Condition cause : null
2025-09-01 10:39:54,511 [WARN] PackLoader:240 - Cannot read IP mode file for STMicroelectronics.X-CUBE-AZRTOS-L4.2.0.0
2025-09-01 10:39:54,512 [WARN] ConditionMgr:1044 - genDependencies : Invalid condition id : LAN8742 Phy interface Condition cause : null
2025-09-01 10:39:54,514 [WARN] ConditionMgr:1044 - genDependencies : Invalid condition id : LAN8742 Phy interface Condition cause : null
2025-09-01 10:39:54,515 [WARN] ConditionMgr:1044 - genDependencies : Invalid condition id : LAN8742 Phy interface Condition cause : null
2025-09-01 10:39:54,523 [WARN] PackLoader:240 - Cannot read IP mode file for STMicroelectronics.X-CUBE-SFXS2LP1.4.0.0
2025-09-01 10:39:54,538 [WARN] PackLoader:240 - Cannot read IP mode file for STMicroelectronics.X-CUBE-BLEMGR.4.1.0
2025-09-01 10:39:54,551 [WARN] ConditionMgr:438 - getConditionDescription Invalid condition id : UX DEVICE CLASS RTOS Condition cause : null
2025-09-01 10:39:54,551 [WARN] ConditionMgr:438 - getConditionDescription Invalid condition id : UX DEVICE CLASS RTOS Condition cause : null
2025-09-01 10:39:54,553 [WARN] PackLoader:240 - Cannot read IP mode file for STMicroelectronics.X-CUBE-AZRTOS-WB.2.0.0
2025-09-01 10:39:54,553 [WARN] ConditionMgr:1044 - genDependencies : Invalid condition id : UX DEVICE CLASS RTOS Condition cause : null
2025-09-01 10:39:54,553 [WARN] ConditionMgr:1044 - genDependencies : Invalid condition id : UX DEVICE CLASS RTOS Condition cause : null
2025-09-01 10:39:54,553 [WARN] ConditionMgr:1044 - genDependencies : Invalid condition id : UX DEVICE CLASS RTOS Condition cause : null
2025-09-01 10:39:54,553 [WARN] ConditionMgr:1044 - genDependencies : Invalid condition id : UX DEVICE CLASS RTOS Condition cause : null
2025-09-01 10:39:54,554 [WARN] ConditionMgr:1044 - genDependencies : Invalid condition id : UX DEVICE CLASS RTOS Condition cause : null
2025-09-01 10:39:54,558 [WARN] PackLoader:240 - Cannot read IP mode file for STMicroelectronics.X-CUBE-GNSS1.7.0.1
2025-09-01 10:39:54,564 [WARN] PackLoader:240 - Cannot read IP mode file for STMicroelectronics.X-CUBE-TOUCHGFX.4.25.0
2025-09-01 10:39:54,568 [WARN] ConditionMgr:438 - getConditionDescription Invalid condition id : Cortex-A Device cause : null
2025-09-01 10:39:54,580 [WARN] ConditionMgr:1044 - genDependencies : Invalid condition id : Cortex-A Device cause : null
2025-09-01 10:39:54,580 [WARN] ConditionMgr:1044 - genDependencies : Invalid condition id : Cortex-A Device cause : null
2025-09-01 10:39:54,580 [WARN] ConditionMgr:1044 - genDependencies : Invalid condition id : Cortex-A Device cause : null
2025-09-01 10:39:54,587 [WARN] PackLoader:240 - Cannot read IP mode file for STMicroelectronics.X-CUBE-SUBG2.5.0.0
2025-09-01 10:39:54,605 [WARN] PackLoader:240 - Cannot read IP mode file for STMicroelectronics.X-CUBE-AZRTOS-H7RS.1.1.0
2025-09-01 10:39:54,611 [WARN] PackLoader:240 - Cannot read IP mode file for Cesanta.I-CUBE-Mongoose.7.13.0
2025-09-01 10:39:54,630 [WARN] PackLoader:240 - Cannot read IP mode file for STMicroelectronics.X-CUBE-AZRTOS-G4.2.0.0
2025-09-01 10:39:54,635 [WARN] PackLoader:240 - Cannot read IP mode file for wolfSSL.I-CUBE-wolfSSH.1.4.20
2025-09-01 10:39:54,640 [WARN] PackLoader:240 - Cannot read IP mode file for STMicroelectronics.X-CUBE-NFC7.2.0.0
2025-09-01 10:39:54,648 [WARN] PackLoader:240 - Cannot read IP mode file for STMicroelectronics.X-CUBE-IPS.3.1.0
2025-09-01 10:39:54,656 [WARN] PackLoader:240 - Cannot read IP mode file for STMicroelectronics.X-CUBE-ALS.1.0.2
2025-09-01 10:39:54,662 [WARN] PackLoader:240 - Cannot read IP mode file for portGmbH.I-Cube-SoM-uGOAL.1.1.0
2025-09-01 10:39:54,671 [WARN] PackLoader:240 - Cannot read IP mode file for STMicroelectronics.X-CUBE-TOF1.3.4.3
2025-09-01 10:39:54,677 [INFO] ThirdParty:978 - Integrity check success = true
2025-09-01 10:39:54,677 [INFO] IntegrityCheckThread:100 - exiting critical section [integrity check]
2025-09-01 10:39:54,677 [INFO] IntegrityCheckThread:103 - End integrity checks thread
2025-09-01 10:39:54,874 [INFO] WebApp:463 - Apply proxy settings
2025-09-01 10:39:54,875 [INFO] WebApp:548 - Chromium requires no authentication
2025-09-01 10:39:54,881 [INFO] WebApp:491 - Direct internet connection detected
2025-09-01 10:39:54,901 [INFO] WebApp:900 - Register for checkConnection events
2025-09-01 10:39:54,902 [INFO] WebApp:463 - Apply proxy settings
2025-09-01 10:39:54,902 [INFO] WebApp:548 - Chromium requires no authentication
2025-09-01 10:39:54,902 [INFO] WebApp:491 - Direct internet connection detected
2025-09-01 10:39:55,025 [INFO] WebApp:225 - Starting web application
2025-09-01 10:39:55,026 [INFO] WebApp:593 - Web application path used C:\ST\STM32CubeIDE_1.19.0\STM32CubeIDE\plugins\com.st.stm32cube.common.mx_6.15.0.202507011659\db\plugins\mcufinder\reactClient1\index.html
2025-09-01 10:39:55,292 [INFO] WebApp:191 - Connection restablished
2025-09-01 10:40:40,906 [ERROR] LogOutputStream:75 - [STDERR_REDIRECT] 
