2025-09-29 15:43:37,545 [INFO] Activator:176 - 


2025-09-29 15:43:37,550 [INFO] Activator:177 - !SESSION log4j initialized
2025-09-29 15:43:42,853 [INFO] LogOutputStream:77 - [STDOUT_REDIRECT] 
2025-09-29 15:43:47,168 [INFO] ApplicationProperties:184 - Using Application install path: C:\ST\STM32CubeIDE_1.19.0\STM32CubeIDE\plugins\com.st.stm32cube.common.mx_6.15.0.202507011659
2025-09-29 15:43:47,193 [INFO] DbMcusXml:78 - Set database path to: C:\ST\STM32CubeIDE_1.19.0\STM32CubeIDE\plugins\com.st.stm32cube.common.mx_6.15.0.202507011659\\db\/mcu/
2025-09-29 15:43:47,193 [INFO] ApiDb:274 - Set plugin database path to: C:\ST\STM32CubeIDE_1.19.0\STM32CubeIDE\plugins\com.st.stm32cube.common.mx_6.15.0.202507011659\\db\/plugins/boardmanager/
2025-09-29 15:43:47,194 [WARN] ApiDb:259 - Overriding images path with different value:  => C:\ST\STM32CubeIDE_1.19.0\STM32CubeIDE\plugins\com.st.stm32cube.common.mx_6.15.0.202507011659\\db\/plugins/mcufinder/images/
2025-09-29 15:43:47,203 [INFO] ApiDb:250 - Set database path to: C:\Users\Paulo\.stmcufinder\plugins\mcufinder//mcu/
2025-09-29 15:43:47,204 [INFO] DbMcusAds:125 - Set database path to: C:\Users\Paulo\.stmcufinder\plugins\mcufinder//mcu/
2025-09-29 15:43:47,208 [INFO] CrossReferenceDbSqlite:203 - Set database path to: C:\Users\Paulo\.stmcufinder\plugins\mcufinder//mcu/cs/
2025-09-29 15:43:47,331 [INFO] RulesReader:64 - Compatibility file has been processed (317 Rules)
2025-09-29 15:43:47,400 [INFO] DbMcusXml:78 - Set database path to: C:\ST\STM32CubeIDE_1.19.0\STM32CubeIDE\plugins\com.st.stm32cube.common.mx_6.15.0.202507011659\\db\/mcu/
2025-09-29 15:43:47,400 [INFO] ApiDb:274 - Set plugin database path to: C:\ST\STM32CubeIDE_1.19.0\STM32CubeIDE\plugins\com.st.stm32cube.common.mx_6.15.0.202507011659\\db\/plugins/boardmanager/
2025-09-29 15:43:47,400 [INFO] ApiDb:261 - Set plugin images path to: C:\ST\STM32CubeIDE_1.19.0\STM32CubeIDE\plugins\com.st.stm32cube.common.mx_6.15.0.202507011659\\db\/plugins/mcufinder/images/
2025-09-29 15:43:47,400 [WARN] DbFile:41 - Overriding database path with different value: C:\Users\Paulo\.stmcufinder\plugins\mcufinder/ => C:\Users\Paulo\.stmcufinder\plugins\mcufinder
2025-09-29 15:43:47,400 [INFO] ApiDb:250 - Set database path to: C:\Users\Paulo\.stmcufinder\plugins\mcufinder//mcu/
2025-09-29 15:43:47,400 [WARN] DbFile:41 - Overriding database path with different value: C:\Users\Paulo\.stmcufinder\plugins\mcufinder/ => C:\Users\Paulo\.stmcufinder\plugins\mcufinder
2025-09-29 15:43:47,400 [INFO] DbMcusAds:125 - Set database path to: C:\Users\Paulo\.stmcufinder\plugins\mcufinder//mcu/
2025-09-29 15:43:47,400 [WARN] DbFile:41 - Overriding database path with different value: C:\Users\Paulo\.stmcufinder\plugins\mcufinder/ => C:\Users\Paulo\.stmcufinder\plugins\mcufinder
2025-09-29 15:43:47,400 [WARN] DbFile:41 - Overriding database path with different value: C:\Users\Paulo\.stmcufinder\plugins\mcufinder/ => C:\Users\Paulo\.stmcufinder\plugins\mcufinder
2025-09-29 15:43:47,401 [INFO] CrossReferenceDbSqlite:203 - Set database path to: C:\Users\Paulo\.stmcufinder\plugins\mcufinder//mcu/cs/
2025-09-29 15:43:47,490 [INFO] MainPanel:274 - HeapMemory: 268435456
2025-09-29 15:43:47,620 [INFO] DbMcusXml:78 - Set database path to: C:\ST\STM32CubeIDE_1.19.0\STM32CubeIDE\plugins\com.st.stm32cube.common.mx_6.15.0.202507011659\\db\/mcu/
2025-09-29 15:43:47,620 [INFO] ApiDb:274 - Set plugin database path to: C:\ST\STM32CubeIDE_1.19.0\STM32CubeIDE\plugins\com.st.stm32cube.common.mx_6.15.0.202507011659\\db\/plugins/boardmanager/
2025-09-29 15:43:47,620 [INFO] ApiDb:261 - Set plugin images path to: C:\ST\STM32CubeIDE_1.19.0\STM32CubeIDE\plugins\com.st.stm32cube.common.mx_6.15.0.202507011659\\db\/plugins/mcufinder/images/
2025-09-29 15:43:47,620 [WARN] DbFile:41 - Overriding database path with different value: C:\Users\Paulo\.stmcufinder\plugins\mcufinder/ => C:\Users\Paulo\.stmcufinder\plugins\mcufinder
2025-09-29 15:43:47,620 [INFO] ApiDb:250 - Set database path to: C:\Users\Paulo\.stmcufinder\plugins\mcufinder//mcu/
2025-09-29 15:43:47,621 [WARN] DbFile:41 - Overriding database path with different value: C:\Users\Paulo\.stmcufinder\plugins\mcufinder/ => C:\Users\Paulo\.stmcufinder\plugins\mcufinder
2025-09-29 15:43:47,621 [INFO] DbMcusAds:125 - Set database path to: C:\Users\Paulo\.stmcufinder\plugins\mcufinder//mcu/
2025-09-29 15:43:47,621 [WARN] DbFile:41 - Overriding database path with different value: C:\Users\Paulo\.stmcufinder\plugins\mcufinder/ => C:\Users\Paulo\.stmcufinder\plugins\mcufinder
2025-09-29 15:43:47,621 [WARN] DbFile:41 - Overriding database path with different value: C:\Users\Paulo\.stmcufinder\plugins\mcufinder/ => C:\Users\Paulo\.stmcufinder\plugins\mcufinder
2025-09-29 15:43:47,621 [INFO] CrossReferenceDbSqlite:203 - Set database path to: C:\Users\Paulo\.stmcufinder\plugins\mcufinder//mcu/cs/
2025-09-29 15:43:47,636 [INFO] ApplicationProperties:184 - Using Application install path: C:\ST\STM32CubeIDE_1.19.0\STM32CubeIDE\plugins\com.st.stm32cube.common.mx_6.15.0.202507011659
2025-09-29 15:43:47,637 [INFO] PluginManage:196 - Search for loadable plugins [exclusion list=, ]
2025-09-29 15:43:47,638 [INFO] PluginManage:310 - Check plugin analytics
2025-09-29 15:43:47,822 [INFO] AnalyticsPlugin:253 - Accepted Software Licenses: 
2025-09-29 15:43:47,823 [INFO] AnalyticsPlugin:255 - Accepted CMSIS Pack Licenses: 
2025-09-29 15:43:47,823 [INFO] AnalyticsPlugin:257 - Accepted Firmware Licenses: FW.F4.1.28.0,FW.F4.1.27.0
2025-09-29 15:43:47,825 [INFO] PluginManage:359 - Loaded plugin analytics (category:tool,tabindex:-1)
2025-09-29 15:43:47,825 [INFO] PluginManage:310 - Check plugin cadmodel
2025-09-29 15:43:47,830 [INFO] CADModel:105 - Init CAD model plugin
2025-09-29 15:43:47,831 [INFO] PluginManage:359 - Loaded plugin cadmodel (category:power,tabindex:5)
2025-09-29 15:43:47,831 [INFO] PluginManage:310 - Check plugin clock
2025-09-29 15:43:47,841 [INFO] PluginManage:359 - Loaded plugin clock (category:base,tabindex:2)
2025-09-29 15:43:47,841 [INFO] PluginManage:310 - Check plugin ddr
2025-09-29 15:43:47,844 [INFO] PluginManage:359 - Loaded plugin ddr (category:tool,tabindex:6)
2025-09-29 15:43:47,845 [INFO] PluginManage:310 - Check plugin filemanager
2025-09-29 15:43:47,980 [INFO] PluginManage:359 - Loaded plugin filemanager (category:base,tabindex:10)
2025-09-29 15:43:47,981 [INFO] PluginManage:310 - Check plugin ipmanager
2025-09-29 15:43:47,989 [INFO] PluginManage:359 - Loaded plugin ipmanager (category:base,tabindex:5)
2025-09-29 15:43:47,989 [INFO] PluginManage:310 - Check plugin lpbam
2025-09-29 15:43:47,997 [INFO] PluginManage:359 - Loaded plugin lpbam (category:base,tabindex:0)
2025-09-29 15:43:47,997 [INFO] PluginManage:310 - Check plugin memorymap
2025-09-29 15:43:48,013 [INFO] PluginManage:359 - Loaded plugin memorymap (category:base,tabindex:4)
2025-09-29 15:43:48,013 [INFO] PluginManage:310 - Check plugin pinoutandconfiguration
2025-09-29 15:43:48,025 [INFO] PluginManage:359 - Loaded plugin pinoutandconfiguration (category:base,tabindex:1)
2025-09-29 15:43:48,025 [INFO] PluginManage:310 - Check plugin pinoutconfig
2025-09-29 15:43:48,111 [WARN] SupportedApi:132 - Cannot load RTOS API schema: s4s-elt-must-match.1: The content of 'definitions' must match (annotation?, (simpleType | complexType)?, (unique | key | keyref)*)). A problem was found starting at: attribute.
2025-09-29 15:43:48,230 [INFO] PluginManage:359 - Loaded plugin pinoutconfig (category:base,tabindex:0)
2025-09-29 15:43:48,230 [INFO] PluginManage:310 - Check plugin power
2025-09-29 15:43:48,239 [INFO] PluginManage:359 - Loaded plugin power (category:power,tabindex:4)
2025-09-29 15:43:48,240 [INFO] PluginManage:310 - Check plugin projectmanager
2025-09-29 15:43:48,252 [INFO] PluginManage:359 - Loaded plugin projectmanager (category:projectmanager,tabindex:4)
2025-09-29 15:43:48,252 [INFO] PluginManage:310 - Check plugin rif
2025-09-29 15:43:48,262 [INFO] PluginManage:359 - Loaded plugin rif (category:base,tabindex:3)
2025-09-29 15:43:48,263 [INFO] PluginManage:310 - Check plugin thirdparty
2025-09-29 15:43:48,389 [INFO] PluginManage:359 - Loaded plugin thirdparty (category:base,tabindex:-1)
2025-09-29 15:43:48,389 [WARN] IntegrityCheckThread:84 - waiting for thirdparty lock release [integrity check]
2025-09-29 15:43:48,389 [INFO] PluginManage:310 - Check plugin tools
2025-09-29 15:43:48,389 [INFO] IntegrityCheckThread:86 - entering critical section [integrity check]
2025-09-29 15:43:48,390 [INFO] ThirdPartyUpdaterWithRetryManager:70 - Updater plugin not ready yet. [1/15]
2025-09-29 15:43:48,392 [INFO] PluginManage:359 - Loaded plugin tools (category:base,tabindex:7)
2025-09-29 15:43:48,392 [INFO] PluginManage:310 - Check plugin tutovideos
2025-09-29 15:43:48,607 [INFO] PluginManage:359 - Loaded plugin tutovideos (category:base,tabindex:-1)
2025-09-29 15:43:48,607 [INFO] PluginManage:310 - Check plugin updater
2025-09-29 15:43:48,626 [INFO] PluginManage:359 - Loaded plugin updater (category:base,tabindex:12)
2025-09-29 15:43:48,627 [INFO] PluginManage:310 - Check plugin userauth
2025-09-29 15:43:48,631 [INFO] UserAuth:118 - Init User Auth plugin
2025-09-29 15:43:48,632 [INFO] PluginManage:359 - Loaded plugin userauth (category:base,tabindex:14)
2025-09-29 15:43:48,632 [INFO] PluginManage:283 - PluginManage : Loaded plugins [18]
2025-09-29 15:43:48,826 [INFO] PinOutPanel:1589 - setPackage(No Configuration,No Configuration)
2025-09-29 15:43:48,913 [INFO] CADModel:165 - CPN selected for project level
2025-09-29 15:43:48,913 [INFO] CADModel:114 - Register for checkConnection events
2025-09-29 15:43:48,930 [INFO] IPUIPlugin:80 - create IPUIPlugin
2025-09-29 15:43:48,931 [INFO] PluginManager:220 - loadIPPluginJar : add adc
2025-09-29 15:43:48,934 [INFO] IPUIPlugin:80 - create IPUIPlugin
2025-09-29 15:43:48,934 [INFO] PluginManager:220 - loadIPPluginJar : add aes
2025-09-29 15:43:48,937 [INFO] IPUIPlugin:80 - create IPUIPlugin
2025-09-29 15:43:48,937 [INFO] PluginManager:220 - loadIPPluginJar : add can
2025-09-29 15:43:48,938 [INFO] IPUIPlugin:80 - create IPUIPlugin
2025-09-29 15:43:48,939 [INFO] PluginManager:220 - loadIPPluginJar : add comp
2025-09-29 15:43:48,942 [INFO] IPUIPlugin:80 - create IPUIPlugin
2025-09-29 15:43:48,942 [INFO] PluginManager:220 - loadIPPluginJar : add cryp
2025-09-29 15:43:48,948 [INFO] IPUIPlugin:80 - create IPUIPlugin
2025-09-29 15:43:48,948 [INFO] PluginManager:220 - loadIPPluginJar : add ddr_ctrl_phy
2025-09-29 15:43:48,950 [INFO] IPUIPlugin:80 - create IPUIPlugin
2025-09-29 15:43:48,951 [INFO] PluginManager:220 - loadIPPluginJar : add dfsdm
2025-09-29 15:43:48,956 [INFO] IPUIPlugin:80 - create IPUIPlugin
2025-09-29 15:43:48,957 [INFO] PluginManager:220 - loadIPPluginJar : add dma
2025-09-29 15:43:48,960 [INFO] IPUIPlugin:80 - create IPUIPlugin
2025-09-29 15:43:48,960 [INFO] PluginManager:220 - loadIPPluginJar : add dma3
2025-09-29 15:43:48,964 [INFO] IPUIPlugin:80 - create IPUIPlugin
2025-09-29 15:43:48,964 [INFO] PluginManager:220 - loadIPPluginJar : add extmemmanager
2025-09-29 15:43:48,965 [INFO] IPUIPlugin:80 - create IPUIPlugin
2025-09-29 15:43:48,965 [INFO] PluginManager:220 - loadIPPluginJar : add fatfs
2025-09-29 15:43:48,969 [INFO] IPUIPlugin:80 - create IPUIPlugin
2025-09-29 15:43:48,970 [INFO] PluginManager:220 - loadIPPluginJar : add fmc
2025-09-29 15:43:48,977 [INFO] IPUIPlugin:80 - create IPUIPlugin
2025-09-29 15:43:48,977 [INFO] PluginManager:220 - loadIPPluginJar : add freertos
2025-09-29 15:43:48,979 [INFO] IPUIPlugin:80 - create IPUIPlugin
2025-09-29 15:43:48,979 [INFO] PluginManager:220 - loadIPPluginJar : add genericplugin
2025-09-29 15:43:48,981 [INFO] IPUIPlugin:80 - create IPUIPlugin
2025-09-29 15:43:48,981 [INFO] PluginManager:220 - loadIPPluginJar : add gfxmmu
2025-09-29 15:43:48,985 [INFO] IPUIPlugin:80 - create IPUIPlugin
2025-09-29 15:43:48,986 [INFO] PluginManager:220 - loadIPPluginJar : add gic
2025-09-29 15:43:48,990 [INFO] IPUIPlugin:80 - create IPUIPlugin
2025-09-29 15:43:48,990 [INFO] PluginManager:220 - loadIPPluginJar : add gpio
2025-09-29 15:43:48,994 [INFO] IPUIPlugin:80 - create IPUIPlugin
2025-09-29 15:43:48,994 [INFO] PluginManager:220 - loadIPPluginJar : add gtzc
2025-09-29 15:43:48,997 [INFO] IPUIPlugin:80 - create IPUIPlugin
2025-09-29 15:43:48,997 [INFO] PluginManager:220 - loadIPPluginJar : add hash
2025-09-29 15:43:49,000 [INFO] IPUIPlugin:80 - create IPUIPlugin
2025-09-29 15:43:49,000 [INFO] PluginManager:220 - loadIPPluginJar : add i2c
2025-09-29 15:43:49,003 [INFO] IPUIPlugin:80 - create IPUIPlugin
2025-09-29 15:43:49,003 [INFO] PluginManager:220 - loadIPPluginJar : add i2s
2025-09-29 15:43:49,006 [INFO] IPUIPlugin:80 - create IPUIPlugin
2025-09-29 15:43:49,007 [INFO] PluginManager:220 - loadIPPluginJar : add i3c
2025-09-29 15:43:49,010 [INFO] IPUIPlugin:80 - create IPUIPlugin
2025-09-29 15:43:49,010 [INFO] PluginManager:220 - loadIPPluginJar : add ipddr
2025-09-29 15:43:49,018 [INFO] IPUIPlugin:80 - create IPUIPlugin
2025-09-29 15:43:49,018 [INFO] PluginManager:220 - loadIPPluginJar : add linkedlist
2025-09-29 15:43:49,022 [INFO] IPUIPlugin:80 - create IPUIPlugin
2025-09-29 15:43:49,022 [INFO] PluginManager:220 - loadIPPluginJar : add lorawan
2025-09-29 15:43:49,024 [INFO] IPUIPlugin:80 - create IPUIPlugin
2025-09-29 15:43:49,024 [INFO] PluginManager:220 - loadIPPluginJar : add ltdc
2025-09-29 15:43:49,030 [INFO] IPUIPlugin:80 - create IPUIPlugin
2025-09-29 15:43:49,031 [INFO] PluginManager:220 - loadIPPluginJar : add mdma
2025-09-29 15:43:49,034 [INFO] IPUIPlugin:80 - create IPUIPlugin
2025-09-29 15:43:49,034 [INFO] PluginManager:220 - loadIPPluginJar : add nvic
2025-09-29 15:43:49,037 [INFO] IPUIPlugin:80 - create IPUIPlugin
2025-09-29 15:43:49,038 [INFO] PluginManager:220 - loadIPPluginJar : add opamp
2025-09-29 15:43:49,041 [INFO] IPUIPlugin:80 - create IPUIPlugin
2025-09-29 15:43:49,041 [INFO] PluginManager:220 - loadIPPluginJar : add openamp
2025-09-29 15:43:49,045 [INFO] IPUIPlugin:80 - create IPUIPlugin
2025-09-29 15:43:49,045 [INFO] PluginManager:220 - loadIPPluginJar : add pdm2pcm
2025-09-29 15:43:49,051 [INFO] IPUIPlugin:80 - create IPUIPlugin
2025-09-29 15:43:49,054 [INFO] PluginManager:220 - loadIPPluginJar : add plateformsettings
2025-09-29 15:43:49,056 [INFO] IPUIPlugin:80 - create IPUIPlugin
2025-09-29 15:43:49,056 [INFO] PluginManager:220 - loadIPPluginJar : add quadspi
2025-09-29 15:43:49,058 [INFO] IPUIPlugin:80 - create IPUIPlugin
2025-09-29 15:43:49,058 [INFO] PluginManager:220 - loadIPPluginJar : add radio
2025-09-29 15:43:49,062 [INFO] IPUIPlugin:80 - create IPUIPlugin
2025-09-29 15:43:49,062 [INFO] PluginManager:220 - loadIPPluginJar : add resmgrutility
2025-09-29 15:43:49,066 [INFO] IPUIPlugin:80 - create IPUIPlugin
2025-09-29 15:43:49,066 [INFO] PluginManager:220 - loadIPPluginJar : add sai
2025-09-29 15:43:49,069 [INFO] IPUIPlugin:80 - create IPUIPlugin
2025-09-29 15:43:49,069 [INFO] PluginManager:220 - loadIPPluginJar : add spi
2025-09-29 15:43:49,075 [INFO] IPUIPlugin:80 - create IPUIPlugin
2025-09-29 15:43:49,075 [INFO] PluginManager:220 - loadIPPluginJar : add stm32_wpan
2025-09-29 15:43:49,077 [INFO] IPUIPlugin:80 - create IPUIPlugin
2025-09-29 15:43:49,077 [INFO] PluginManager:220 - loadIPPluginJar : add tim
2025-09-29 15:43:49,080 [INFO] IPUIPlugin:80 - create IPUIPlugin
2025-09-29 15:43:49,080 [INFO] PluginManager:220 - loadIPPluginJar : add touchsensing
2025-09-29 15:43:49,083 [INFO] IPUIPlugin:80 - create IPUIPlugin
2025-09-29 15:43:49,083 [INFO] PluginManager:220 - loadIPPluginJar : add tracer_emb
2025-09-29 15:43:49,085 [INFO] IPUIPlugin:80 - create IPUIPlugin
2025-09-29 15:43:49,085 [INFO] PluginManager:220 - loadIPPluginJar : add ts
2025-09-29 15:43:49,086 [INFO] IPUIPlugin:80 - create IPUIPlugin
2025-09-29 15:43:49,087 [INFO] PluginManager:220 - loadIPPluginJar : add tsc
2025-09-29 15:43:49,088 [INFO] IPUIPlugin:80 - create IPUIPlugin
2025-09-29 15:43:49,088 [INFO] PluginManager:220 - loadIPPluginJar : add ucpd
2025-09-29 15:43:49,091 [INFO] IPUIPlugin:80 - create IPUIPlugin
2025-09-29 15:43:49,091 [INFO] PluginManager:220 - loadIPPluginJar : add usart
2025-09-29 15:43:49,094 [INFO] IPUIPlugin:80 - create IPUIPlugin
2025-09-29 15:43:49,094 [INFO] PluginManager:220 - loadIPPluginJar : add usbx
2025-09-29 15:43:49,208 [FATAL] Updater:351 - Updater called before beeing initialized
2025-09-29 15:43:49,241 [INFO] RulesReader:64 - Compatibility file has been processed (317 Rules)
2025-09-29 15:43:49,251 [INFO] RulesReader:64 - Compatibility file has been processed (317 Rules)
2025-09-29 15:43:49,260 [INFO] CADModel:165 - CPN selected for project level
2025-09-29 15:43:49,260 [INFO] CADModel:114 - Register for checkConnection events
2025-09-29 15:43:49,260 [FATAL] Updater:351 - Updater called before beeing initialized
2025-09-29 15:43:49,260 [ERROR] CADModel:125 - Updater not yet initialized, retry later 
2025-09-29 15:43:49,394 [FATAL] Updater:351 - Updater called before beeing initialized
2025-09-29 15:43:49,396 [INFO] CADModel:165 - CPN selected for project level
2025-09-29 15:43:49,396 [INFO] CADModel:114 - Register for checkConnection events
2025-09-29 15:43:49,396 [FATAL] Updater:351 - Updater called before beeing initialized
2025-09-29 15:43:49,396 [ERROR] CADModel:125 - Updater not yet initialized, retry later 
2025-09-29 15:43:49,398 [FATAL] Updater:351 - Updater called before beeing initialized
2025-09-29 15:43:49,482 [FATAL] Updater:351 - Updater called before beeing initialized
2025-09-29 15:43:49,486 [INFO] DbMcusAds:53 - JSON generation date=Tue Jul 08 05:14:23 ART 2025 (1751962463524)
2025-09-29 15:43:49,486 [FATAL] Updater:351 - Updater called before beeing initialized
2025-09-29 15:43:49,519 [WARN] DetailPanel:346 - Failed to get advertising image, set to default
2025-09-29 15:43:49,592 [FATAL] Updater:351 - Updater called before beeing initialized
2025-09-29 15:43:49,593 [FATAL] Updater:351 - Updater called before beeing initialized
2025-09-29 15:43:49,593 [FATAL] Updater:351 - Updater called before beeing initialized
2025-09-29 15:43:49,593 [WARN] DetailPanel:346 - Failed to get advertising image, set to default
2025-09-29 15:43:49,594 [FATAL] Updater:351 - Updater called before beeing initialized
2025-09-29 15:43:49,635 [ERROR] Updater:1198 - MainUpdater not yet initialized. External WinMGr cannot be set.
2025-09-29 15:43:49,637 [INFO] Updater:1134 - Updater Version found : 6.15.0
2025-09-29 15:43:49,654 [INFO] ApplicationProperties:184 - Using Application install path: C:\ST\STM32CubeIDE_1.19.0\STM32CubeIDE\plugins\com.st.stm32cube.common.mx_6.15.0.202507011659
2025-09-29 15:43:51,233 [ERROR] LogOutputStream:75 - [STDERR_REDIRECT] Sep 29, 2025 3:43:51 PM java.util.prefs.WindowsPreferences <init>
2025-09-29 15:43:51,235 [ERROR] LogOutputStream:75 - [STDERR_REDIRECT] WARNING: Could not open/create prefs root node Software\JavaSoft\Prefs at root 0xffffffff80000002. Windows RegCreateKeyEx(...) returned error code 5.
2025-09-29 15:43:51,235 [ERROR] LogOutputStream:75 - [STDERR_REDIRECT] 
2025-09-29 15:43:51,391 [INFO] ThirdPartyUpdaterWithRetryManager:70 - Updater plugin not ready yet. [2/15]
2025-09-29 15:43:51,487 [INFO] MainUpdater:2872 - connection check result : 10
2025-09-29 15:43:51,488 [INFO] MainUpdater:289 - Updater Check For Update Now.
2025-09-29 15:43:51,488 [INFO] MicroXplorer:498 - Change Database Version : DB.6.0.150
2025-09-29 15:43:51,493 [INFO] McuFinderGlobals:63 - Set McuFinder mode to 2 (CubeIDE integrated)
2025-09-29 15:43:51,494 [INFO] UserAuth:487 - Internet connection configuration mode: 1
2025-09-29 15:43:51,528 [INFO] JxBrowserEngine:152 - Initiate JxBrowser Engine with user profile folder
2025-09-29 15:43:51,684 [INFO] CheckServerUpdateThread:120 - End of CheckServer Thread
2025-09-29 15:43:52,566 [INFO] WebApp:169 - Instantiating new browser for Auth
2025-09-29 15:43:53,462 [INFO] WebApp:463 - Apply proxy settings
2025-09-29 15:43:53,463 [INFO] WebApp:548 - Chromium requires no authentication
2025-09-29 15:43:53,497 [INFO] WebApp:491 - Direct internet connection detected
2025-09-29 15:43:53,558 [INFO] WebApp:900 - Register for checkConnection events
2025-09-29 15:43:53,558 [INFO] WebApp:463 - Apply proxy settings
2025-09-29 15:43:53,558 [INFO] WebApp:548 - Chromium requires no authentication
2025-09-29 15:43:53,558 [INFO] WebApp:491 - Direct internet connection detected
2025-09-29 15:43:53,809 [INFO] WebApp:191 - Connection restablished
2025-09-29 15:43:53,861 [INFO] WebApp:225 - Starting web application
2025-09-29 15:43:53,861 [INFO] WebApp:593 - Web application path used C:\ST\STM32CubeIDE_1.19.0\STM32CubeIDE\plugins\com.st.stm32cube.common.mx_6.15.0.202507011659\db\plugins\mcufinder\reactClient1\index.html
2025-09-29 15:43:53,955 [INFO] UserAuth:487 - Internet connection configuration mode: 1
2025-09-29 15:43:54,635 [WARN] PackLoader:240 - Cannot read IP mode file for STMicroelectronics.FP-SNS-MOTENVWB1.1.4.0
2025-09-29 15:43:54,646 [WARN] PackLoader:240 - Cannot read IP mode file for STMicroelectronics.FP-ATR-ASTRA1.2.0.2
2025-09-29 15:43:54,656 [WARN] PackLoader:240 - Cannot read IP mode file for STMicroelectronics.X-CUBE-SMBUS.2.1.0
2025-09-29 15:43:54,664 [WARN] PackLoader:240 - Cannot read IP mode file for STMicroelectronics.X-CUBE-ST60.1.0.0
2025-09-29 15:43:54,705 [WARN] PackLoader:240 - Cannot read IP mode file for STMicroelectronics.X-CUBE-AZRTOS-F7.1.1.0
2025-09-29 15:43:54,724 [WARN] PackLoader:240 - Cannot read IP mode file for WES.I-CUBE-Cesium.1.4.0
2025-09-29 15:43:54,771 [WARN] PackLoader:240 - Cannot read IP mode file for Infineon.AIROC-Wi-Fi-Bluetooth-STM32.1.7.1
2025-09-29 15:43:54,822 [WARN] PackLoader:240 - Cannot read IP mode file for STMicroelectronics.X-CUBE-AZRTOS-H7.3.4.0
2025-09-29 15:43:54,837 [WARN] PackLoader:240 - Cannot read IP mode file for STMicroelectronics.X-CUBE-DISPLAY.3.0.0
2025-09-29 15:43:54,887 [WARN] PackLoader:240 - Cannot read IP mode file for STMicroelectronics.X-CUBE-NFC10.1.0.0
2025-09-29 15:43:54,911 [WARN] PackLoader:240 - Cannot read IP mode file for emotas.I-CUBE-CANOPEN.1.3.0
2025-09-29 15:43:54,921 [WARN] PackLoader:240 - Cannot read IP mode file for STMicroelectronics.FP-SNS-STBOX1.2.1.0
2025-09-29 15:43:54,927 [WARN] PackLoader:240 - Cannot read IP mode file for STMicroelectronics.FP-SNS-SMARTAG2.1.2.0
2025-09-29 15:43:54,932 [WARN] PackLoader:240 - Cannot read IP mode file for STMicroelectronics.FP-SNS-FLIGHT1.5.1.0
2025-09-29 15:43:54,941 [INFO] LogOutputStream:77 - [STDOUT_REDIRECT] 1 : Invalid condition id : UX_CORESTACK_Condition cause : null
2025-09-29 15:43:54,941 [INFO] LogOutputStream:77 - [STDOUT_REDIRECT] 1 : Invalid condition id : UX_CORESTACK_Condition cause : null
2025-09-29 15:43:54,942 [INFO] LogOutputStream:77 - [STDOUT_REDIRECT] 1 : Invalid condition id : UX_CORESTACK_Condition cause : null
2025-09-29 15:43:54,943 [INFO] LogOutputStream:77 - [STDOUT_REDIRECT] 1 : Invalid condition id : UX_CORESTACK_Condition cause : null
2025-09-29 15:43:54,944 [INFO] LogOutputStream:77 - [STDOUT_REDIRECT] 1 : Invalid condition id : UX_CORESTACK_Condition cause : null
2025-09-29 15:43:54,947 [WARN] PackLoader:240 - Cannot read IP mode file for STMicroelectronics.X-CUBE-AZRTOS-WL.2.0.0
2025-09-29 15:43:54,954 [WARN] PackLoader:240 - Cannot read IP mode file for STMicroelectronics.FP-SNS-MOTENV1.5.0.0
2025-09-29 15:43:54,963 [WARN] PackLoader:240 - Cannot read IP mode file for STMicroelectronics.X-CUBE-BLE2.3.3.0
2025-09-29 15:43:54,969 [WARN] PackLoader:240 - Cannot read IP mode file for STMicroelectronics.X-CUBE-NFC9.1.0.0
2025-09-29 15:43:54,976 [WARN] PackLoader:240 - Cannot read IP mode file for wolfSSL.I-CUBE-wolfSSL.5.8.2
2025-09-29 15:43:54,980 [WARN] PackLoader:240 - Cannot read IP mode file for STMicroelectronics.X-CUBE-BLE1.7.1.0
2025-09-29 15:43:54,986 [WARN] PackLoader:240 - Cannot read IP mode file for wolfSSL.I-CUBE-wolfMQTT.1.19.2
2025-09-29 15:43:54,991 [WARN] PackLoader:240 - Cannot read IP mode file for STMicroelectronics.X-CUBE-EEPRMA1.5.2.0
2025-09-29 15:43:55,003 [WARN] PackLoader:240 - Cannot read IP mode file for STMicroelectronics.X-CUBE-AZRTOS-G0.1.1.0
2025-09-29 15:43:55,010 [WARN] PackLoader:240 - Cannot read IP mode file for STMicroelectronics.X-CUBE-SAFEA1.1.2.2
2025-09-29 15:43:55,016 [WARN] PackLoader:240 - Cannot read IP mode file for STMicroelectronics.X-CUBE-NFC4.3.0.0
2025-09-29 15:43:55,024 [WARN] PackLoader:240 - Cannot read IP mode file for EmbeddedOffice.I-CUBE-FS-RTOS.1.0.1
2025-09-29 15:43:55,030 [WARN] PackLoader:240 - Cannot read IP mode file for STMicroelectronics.X-CUBE-WB05N.2.0.0
2025-09-29 15:43:55,034 [WARN] PackLoader:240 - Cannot read IP mode file for wolfSSL.I-CUBE-wolfTPM.3.8.0
2025-09-29 15:43:55,039 [WARN] PackLoader:240 - Cannot read IP mode file for STMicroelectronics.X-CUBE-TCPP.4.2.0
2025-09-29 15:43:55,044 [WARN] PackLoader:240 - Cannot read IP mode file for RealThread.X-CUBE-RT-Thread_Nano.4.1.1
2025-09-29 15:43:55,048 [WARN] PackLoader:240 - Cannot read IP mode file for STMicroelectronics.FP-ATR-SIGFOX1.3.2.0
2025-09-29 15:43:55,053 [WARN] PackLoader:240 - Cannot read IP mode file for ITTIA_DB.I-CUBE-ITTIADB.8.9.0
2025-09-29 15:43:55,059 [WARN] PackLoader:240 - Cannot read IP mode file for STMicroelectronics.X-CUBE-ST67W61.1.0.0
2025-09-29 15:43:55,064 [WARN] PackLoader:240 - Cannot read IP mode file for STMicroelectronics.X-CUBE-AI.10.2.0
2025-09-29 15:43:55,082 [WARN] PackLoader:240 - Cannot read IP mode file for SEGGER.I-CUBE-embOS.1.3.1
2025-09-29 15:43:55,131 [WARN] PackLoader:240 - Cannot read IP mode file for STMicroelectronics.X-CUBE-ALGOBUILD.1.4.0
2025-09-29 15:43:55,167 [WARN] PackLoader:240 - Cannot read IP mode file for STMicroelectronics.X-CUBE-MEMS1.11.3.0
2025-09-29 15:43:55,276 [WARN] PackLoader:240 - Cannot read IP mode file for STMicroelectronics.X-CUBE-PM33A1.1.0.0
2025-09-29 15:43:55,290 [WARN] PackLoader:240 - Cannot read IP mode file for STMicroelectronics.X-CUBE-AZRTOS-F4.1.1.0
2025-09-29 15:43:55,296 [WARN] PackLoader:240 - Cannot read IP mode file for Avnet-IotConnect.X-CUBE-IoTC-DA16k-PMOD.1.0.0
2025-09-29 15:43:55,300 [WARN] PackLoader:240 - Cannot read IP mode file for STMicroelectronics.X-CUBE-ISPU.2.1.0
2025-09-29 15:43:55,306 [WARN] PackLoader:240 - Cannot read IP mode file for STMicroelectronics.X-CUBE-NFC12.1.0.0
2025-09-29 15:43:55,320 [WARN] PackLoader:240 - Cannot read IP mode file for STMicroelectronics.X-CUBE-AZRTOS-L5.2.0.0
2025-09-29 15:43:55,326 [WARN] PackLoader:240 - Cannot read IP mode file for STMicroelectronics.X-CUBE-NFC6.3.1.0
2025-09-29 15:43:55,334 [WARN] PackLoader:240 - Cannot read IP mode file for STMicroelectronics.X-CUBE-FREERTOS.1.3.1
2025-09-29 15:43:55,340 [WARN] PackLoader:240 - Cannot read IP mode file for STMicroelectronics.FP-SNS-STAIOTCFT.1.0.0
2025-09-29 15:43:55,346 [WARN] PackLoader:240 - Cannot read IP mode file for STMicroelectronics.X-CUBE-DPower.1.3.0
2025-09-29 15:43:55,357 [WARN] ConditionMgr:438 - getConditionDescription Invalid condition id : LAN8742 Phy interface Condition cause : null
2025-09-29 15:43:55,358 [WARN] PackLoader:240 - Cannot read IP mode file for STMicroelectronics.X-CUBE-AZRTOS-L4.2.0.0
2025-09-29 15:43:55,359 [WARN] ConditionMgr:1044 - genDependencies : Invalid condition id : LAN8742 Phy interface Condition cause : null
2025-09-29 15:43:55,359 [WARN] ConditionMgr:1044 - genDependencies : Invalid condition id : LAN8742 Phy interface Condition cause : null
2025-09-29 15:43:55,359 [WARN] ConditionMgr:1044 - genDependencies : Invalid condition id : LAN8742 Phy interface Condition cause : null
2025-09-29 15:43:55,365 [WARN] PackLoader:240 - Cannot read IP mode file for STMicroelectronics.X-CUBE-SFXS2LP1.4.0.0
2025-09-29 15:43:55,373 [WARN] PackLoader:240 - Cannot read IP mode file for STMicroelectronics.X-CUBE-BLEMGR.4.1.0
2025-09-29 15:43:55,388 [WARN] ConditionMgr:438 - getConditionDescription Invalid condition id : UX DEVICE CLASS RTOS Condition cause : null
2025-09-29 15:43:55,388 [WARN] ConditionMgr:438 - getConditionDescription Invalid condition id : UX DEVICE CLASS RTOS Condition cause : null
2025-09-29 15:43:55,389 [WARN] PackLoader:240 - Cannot read IP mode file for STMicroelectronics.X-CUBE-AZRTOS-WB.2.0.0
2025-09-29 15:43:55,389 [WARN] ConditionMgr:1044 - genDependencies : Invalid condition id : UX DEVICE CLASS RTOS Condition cause : null
2025-09-29 15:43:55,389 [WARN] ConditionMgr:1044 - genDependencies : Invalid condition id : UX DEVICE CLASS RTOS Condition cause : null
2025-09-29 15:43:55,389 [WARN] ConditionMgr:1044 - genDependencies : Invalid condition id : UX DEVICE CLASS RTOS Condition cause : null
2025-09-29 15:43:55,390 [WARN] ConditionMgr:1044 - genDependencies : Invalid condition id : UX DEVICE CLASS RTOS Condition cause : null
2025-09-29 15:43:55,390 [WARN] ConditionMgr:1044 - genDependencies : Invalid condition id : UX DEVICE CLASS RTOS Condition cause : null
2025-09-29 15:43:55,395 [WARN] PackLoader:240 - Cannot read IP mode file for STMicroelectronics.X-CUBE-GNSS1.7.0.1
2025-09-29 15:43:55,401 [WARN] PackLoader:240 - Cannot read IP mode file for STMicroelectronics.X-CUBE-TOUCHGFX.4.25.0
2025-09-29 15:43:55,404 [WARN] ConditionMgr:438 - getConditionDescription Invalid condition id : Cortex-A Device cause : null
2025-09-29 15:43:55,415 [WARN] ConditionMgr:1044 - genDependencies : Invalid condition id : Cortex-A Device cause : null
2025-09-29 15:43:55,415 [WARN] ConditionMgr:1044 - genDependencies : Invalid condition id : Cortex-A Device cause : null
2025-09-29 15:43:55,415 [WARN] ConditionMgr:1044 - genDependencies : Invalid condition id : Cortex-A Device cause : null
2025-09-29 15:43:55,431 [WARN] PackLoader:240 - Cannot read IP mode file for STMicroelectronics.X-CUBE-SUBG2.5.0.0
2025-09-29 15:43:55,447 [WARN] PackLoader:240 - Cannot read IP mode file for STMicroelectronics.X-CUBE-AZRTOS-H7RS.1.1.0
2025-09-29 15:43:55,453 [WARN] PackLoader:240 - Cannot read IP mode file for Cesanta.I-CUBE-Mongoose.7.13.0
2025-09-29 15:43:55,463 [WARN] PackLoader:240 - Cannot read IP mode file for STMicroelectronics.X-CUBE-AZRTOS-G4.2.0.0
2025-09-29 15:43:55,477 [WARN] PackLoader:240 - Cannot read IP mode file for wolfSSL.I-CUBE-wolfSSH.1.4.20
2025-09-29 15:43:55,486 [WARN] PackLoader:240 - Cannot read IP mode file for STMicroelectronics.X-CUBE-NFC7.2.0.0
2025-09-29 15:43:55,503 [WARN] PackLoader:240 - Cannot read IP mode file for STMicroelectronics.X-CUBE-IPS.3.1.0
2025-09-29 15:43:55,515 [WARN] PackLoader:240 - Cannot read IP mode file for STMicroelectronics.X-CUBE-ALS.1.0.2
2025-09-29 15:43:55,541 [WARN] PackLoader:240 - Cannot read IP mode file for STMicroelectronics.X-CUBE-STSE01.1.0.0
2025-09-29 15:43:55,555 [WARN] PackLoader:240 - Cannot read IP mode file for portGmbH.I-Cube-SoM-uGOAL.1.1.0
2025-09-29 15:43:55,631 [WARN] PackLoader:240 - Cannot read IP mode file for STMicroelectronics.X-CUBE-TOF1.3.4.3
2025-09-29 15:43:55,654 [INFO] ThirdParty:978 - Integrity check success = true
2025-09-29 15:43:55,654 [INFO] IntegrityCheckThread:100 - exiting critical section [integrity check]
2025-09-29 15:43:55,654 [INFO] IntegrityCheckThread:103 - End integrity checks thread
2025-09-29 23:49:01,110 [ERROR] LogOutputStream:75 - [STDERR_REDIRECT] 
