2025-09-09 00:00:42,068 [INFO] Activator:176 - 


2025-09-09 00:00:42,072 [INFO] Activator:177 - !SESSION log4j initialized
2025-09-09 00:00:45,733 [INFO] LogOutputStream:77 - [STDOUT_REDIRECT] 
2025-09-09 00:00:46,671 [INFO] ApplicationProperties:184 - Using Application install path: C:\ST\STM32CubeIDE_1.19.0\STM32CubeIDE\plugins\com.st.stm32cube.common.mx_6.15.0.202507011659
2025-09-09 00:00:46,686 [INFO] DbMcusXml:78 - Set database path to: C:\ST\STM32CubeIDE_1.19.0\STM32CubeIDE\plugins\com.st.stm32cube.common.mx_6.15.0.202507011659\\db\/mcu/
2025-09-09 00:00:46,686 [INFO] ApiDb:274 - Set plugin database path to: C:\ST\STM32CubeIDE_1.19.0\STM32CubeIDE\plugins\com.st.stm32cube.common.mx_6.15.0.202507011659\\db\/plugins/boardmanager/
2025-09-09 00:00:46,688 [WARN] ApiDb:259 - Overriding images path with different value:  => C:\ST\STM32CubeIDE_1.19.0\STM32CubeIDE\plugins\com.st.stm32cube.common.mx_6.15.0.202507011659\\db\/plugins/mcufinder/images/
2025-09-09 00:00:46,694 [INFO] ApiDb:250 - Set database path to: C:\Users\Paulo\.stmcufinder\plugins\mcufinder//mcu/
2025-09-09 00:00:46,695 [INFO] DbMcusAds:125 - Set database path to: C:\Users\Paulo\.stmcufinder\plugins\mcufinder//mcu/
2025-09-09 00:00:46,697 [INFO] CrossReferenceDbSqlite:203 - Set database path to: C:\Users\Paulo\.stmcufinder\plugins\mcufinder//mcu/cs/
2025-09-09 00:00:46,797 [INFO] RulesReader:64 - Compatibility file has been processed (317 Rules)
2025-09-09 00:00:46,862 [INFO] DbMcusXml:78 - Set database path to: C:\ST\STM32CubeIDE_1.19.0\STM32CubeIDE\plugins\com.st.stm32cube.common.mx_6.15.0.202507011659\\db\/mcu/
2025-09-09 00:00:46,862 [INFO] ApiDb:274 - Set plugin database path to: C:\ST\STM32CubeIDE_1.19.0\STM32CubeIDE\plugins\com.st.stm32cube.common.mx_6.15.0.202507011659\\db\/plugins/boardmanager/
2025-09-09 00:00:46,862 [INFO] ApiDb:261 - Set plugin images path to: C:\ST\STM32CubeIDE_1.19.0\STM32CubeIDE\plugins\com.st.stm32cube.common.mx_6.15.0.202507011659\\db\/plugins/mcufinder/images/
2025-09-09 00:00:46,863 [WARN] DbFile:41 - Overriding database path with different value: C:\Users\Paulo\.stmcufinder\plugins\mcufinder/ => C:\Users\Paulo\.stmcufinder\plugins\mcufinder
2025-09-09 00:00:46,863 [INFO] ApiDb:250 - Set database path to: C:\Users\Paulo\.stmcufinder\plugins\mcufinder//mcu/
2025-09-09 00:00:46,863 [WARN] DbFile:41 - Overriding database path with different value: C:\Users\Paulo\.stmcufinder\plugins\mcufinder/ => C:\Users\Paulo\.stmcufinder\plugins\mcufinder
2025-09-09 00:00:46,863 [INFO] DbMcusAds:125 - Set database path to: C:\Users\Paulo\.stmcufinder\plugins\mcufinder//mcu/
2025-09-09 00:00:46,863 [WARN] DbFile:41 - Overriding database path with different value: C:\Users\Paulo\.stmcufinder\plugins\mcufinder/ => C:\Users\Paulo\.stmcufinder\plugins\mcufinder
2025-09-09 00:00:46,863 [WARN] DbFile:41 - Overriding database path with different value: C:\Users\Paulo\.stmcufinder\plugins\mcufinder/ => C:\Users\Paulo\.stmcufinder\plugins\mcufinder
2025-09-09 00:00:46,863 [INFO] CrossReferenceDbSqlite:203 - Set database path to: C:\Users\Paulo\.stmcufinder\plugins\mcufinder//mcu/cs/
2025-09-09 00:00:46,930 [INFO] MainPanel:274 - HeapMemory: 268435456
2025-09-09 00:00:47,025 [INFO] DbMcusXml:78 - Set database path to: C:\ST\STM32CubeIDE_1.19.0\STM32CubeIDE\plugins\com.st.stm32cube.common.mx_6.15.0.202507011659\\db\/mcu/
2025-09-09 00:00:47,025 [INFO] ApiDb:274 - Set plugin database path to: C:\ST\STM32CubeIDE_1.19.0\STM32CubeIDE\plugins\com.st.stm32cube.common.mx_6.15.0.202507011659\\db\/plugins/boardmanager/
2025-09-09 00:00:47,025 [INFO] ApiDb:261 - Set plugin images path to: C:\ST\STM32CubeIDE_1.19.0\STM32CubeIDE\plugins\com.st.stm32cube.common.mx_6.15.0.202507011659\\db\/plugins/mcufinder/images/
2025-09-09 00:00:47,025 [WARN] DbFile:41 - Overriding database path with different value: C:\Users\Paulo\.stmcufinder\plugins\mcufinder/ => C:\Users\Paulo\.stmcufinder\plugins\mcufinder
2025-09-09 00:00:47,026 [INFO] ApiDb:250 - Set database path to: C:\Users\Paulo\.stmcufinder\plugins\mcufinder//mcu/
2025-09-09 00:00:47,026 [WARN] DbFile:41 - Overriding database path with different value: C:\Users\Paulo\.stmcufinder\plugins\mcufinder/ => C:\Users\Paulo\.stmcufinder\plugins\mcufinder
2025-09-09 00:00:47,026 [INFO] DbMcusAds:125 - Set database path to: C:\Users\Paulo\.stmcufinder\plugins\mcufinder//mcu/
2025-09-09 00:00:47,026 [WARN] DbFile:41 - Overriding database path with different value: C:\Users\Paulo\.stmcufinder\plugins\mcufinder/ => C:\Users\Paulo\.stmcufinder\plugins\mcufinder
2025-09-09 00:00:47,026 [WARN] DbFile:41 - Overriding database path with different value: C:\Users\Paulo\.stmcufinder\plugins\mcufinder/ => C:\Users\Paulo\.stmcufinder\plugins\mcufinder
2025-09-09 00:00:47,026 [INFO] CrossReferenceDbSqlite:203 - Set database path to: C:\Users\Paulo\.stmcufinder\plugins\mcufinder//mcu/cs/
2025-09-09 00:00:47,047 [INFO] ApplicationProperties:184 - Using Application install path: C:\ST\STM32CubeIDE_1.19.0\STM32CubeIDE\plugins\com.st.stm32cube.common.mx_6.15.0.202507011659
2025-09-09 00:00:47,048 [INFO] PluginManage:196 - Search for loadable plugins [exclusion list=, ]
2025-09-09 00:00:47,049 [INFO] PluginManage:310 - Check plugin analytics
2025-09-09 00:00:47,276 [INFO] AnalyticsPlugin:253 - Accepted Software Licenses: 
2025-09-09 00:00:47,277 [INFO] AnalyticsPlugin:255 - Accepted CMSIS Pack Licenses: 
2025-09-09 00:00:47,277 [INFO] AnalyticsPlugin:257 - Accepted Firmware Licenses: 
2025-09-09 00:00:47,279 [INFO] PluginManage:359 - Loaded plugin analytics (category:tool,tabindex:-1)
2025-09-09 00:00:47,279 [INFO] PluginManage:310 - Check plugin cadmodel
2025-09-09 00:00:47,283 [INFO] CADModel:105 - Init CAD model plugin
2025-09-09 00:00:47,283 [INFO] PluginManage:359 - Loaded plugin cadmodel (category:power,tabindex:5)
2025-09-09 00:00:47,284 [INFO] PluginManage:310 - Check plugin clock
2025-09-09 00:00:47,294 [INFO] PluginManage:359 - Loaded plugin clock (category:base,tabindex:2)
2025-09-09 00:00:47,294 [INFO] PluginManage:310 - Check plugin ddr
2025-09-09 00:00:47,296 [INFO] PluginManage:359 - Loaded plugin ddr (category:tool,tabindex:6)
2025-09-09 00:00:47,296 [INFO] PluginManage:310 - Check plugin filemanager
2025-09-09 00:00:47,428 [INFO] PluginManage:359 - Loaded plugin filemanager (category:base,tabindex:10)
2025-09-09 00:00:47,428 [INFO] PluginManage:310 - Check plugin ipmanager
2025-09-09 00:00:47,437 [INFO] PluginManage:359 - Loaded plugin ipmanager (category:base,tabindex:5)
2025-09-09 00:00:47,437 [INFO] PluginManage:310 - Check plugin lpbam
2025-09-09 00:00:47,443 [INFO] PluginManage:359 - Loaded plugin lpbam (category:base,tabindex:0)
2025-09-09 00:00:47,444 [INFO] PluginManage:310 - Check plugin memorymap
2025-09-09 00:00:47,453 [INFO] PluginManage:359 - Loaded plugin memorymap (category:base,tabindex:4)
2025-09-09 00:00:47,453 [INFO] PluginManage:310 - Check plugin pinoutandconfiguration
2025-09-09 00:00:47,459 [INFO] PluginManage:359 - Loaded plugin pinoutandconfiguration (category:base,tabindex:1)
2025-09-09 00:00:47,459 [INFO] PluginManage:310 - Check plugin pinoutconfig
2025-09-09 00:00:47,547 [WARN] SupportedApi:132 - Cannot load RTOS API schema: s4s-elt-must-match.1: The content of 'definitions' must match (annotation?, (simpleType | complexType)?, (unique | key | keyref)*)). A problem was found starting at: attribute.
2025-09-09 00:00:47,667 [INFO] PluginManage:359 - Loaded plugin pinoutconfig (category:base,tabindex:0)
2025-09-09 00:00:47,668 [INFO] PluginManage:310 - Check plugin power
2025-09-09 00:00:47,674 [INFO] PluginManage:359 - Loaded plugin power (category:power,tabindex:4)
2025-09-09 00:00:47,674 [INFO] PluginManage:310 - Check plugin projectmanager
2025-09-09 00:00:47,688 [INFO] PluginManage:359 - Loaded plugin projectmanager (category:projectmanager,tabindex:4)
2025-09-09 00:00:47,688 [INFO] PluginManage:310 - Check plugin rif
2025-09-09 00:00:47,697 [INFO] PluginManage:359 - Loaded plugin rif (category:base,tabindex:3)
2025-09-09 00:00:47,697 [INFO] PluginManage:310 - Check plugin thirdparty
2025-09-09 00:00:47,828 [WARN] IntegrityCheckThread:84 - waiting for thirdparty lock release [integrity check]
2025-09-09 00:00:47,828 [INFO] IntegrityCheckThread:86 - entering critical section [integrity check]
2025-09-09 00:00:47,828 [INFO] PluginManage:359 - Loaded plugin thirdparty (category:base,tabindex:-1)
2025-09-09 00:00:47,828 [INFO] ThirdPartyUpdaterWithRetryManager:70 - Updater plugin not ready yet. [1/15]
2025-09-09 00:00:47,828 [INFO] PluginManage:310 - Check plugin tools
2025-09-09 00:00:47,830 [INFO] PluginManage:359 - Loaded plugin tools (category:base,tabindex:7)
2025-09-09 00:00:47,830 [INFO] PluginManage:310 - Check plugin tutovideos
2025-09-09 00:00:47,995 [INFO] PluginManage:359 - Loaded plugin tutovideos (category:base,tabindex:-1)
2025-09-09 00:00:47,995 [INFO] PluginManage:310 - Check plugin updater
2025-09-09 00:00:48,011 [INFO] PluginManage:359 - Loaded plugin updater (category:base,tabindex:12)
2025-09-09 00:00:48,012 [INFO] PluginManage:310 - Check plugin userauth
2025-09-09 00:00:48,014 [INFO] UserAuth:118 - Init User Auth plugin
2025-09-09 00:00:48,015 [INFO] PluginManage:359 - Loaded plugin userauth (category:base,tabindex:14)
2025-09-09 00:00:48,016 [INFO] PluginManage:283 - PluginManage : Loaded plugins [18]
2025-09-09 00:00:48,214 [INFO] PinOutPanel:1589 - setPackage(No Configuration,No Configuration)
2025-09-09 00:00:48,285 [INFO] CADModel:165 - CPN selected for project level
2025-09-09 00:00:48,285 [INFO] CADModel:114 - Register for checkConnection events
2025-09-09 00:00:48,297 [INFO] IPUIPlugin:80 - create IPUIPlugin
2025-09-09 00:00:48,297 [INFO] PluginManager:220 - loadIPPluginJar : add adc
2025-09-09 00:00:48,299 [INFO] IPUIPlugin:80 - create IPUIPlugin
2025-09-09 00:00:48,299 [INFO] PluginManager:220 - loadIPPluginJar : add aes
2025-09-09 00:00:48,301 [INFO] IPUIPlugin:80 - create IPUIPlugin
2025-09-09 00:00:48,301 [INFO] PluginManager:220 - loadIPPluginJar : add can
2025-09-09 00:00:48,302 [INFO] IPUIPlugin:80 - create IPUIPlugin
2025-09-09 00:00:48,302 [INFO] PluginManager:220 - loadIPPluginJar : add comp
2025-09-09 00:00:48,304 [INFO] IPUIPlugin:80 - create IPUIPlugin
2025-09-09 00:00:48,304 [INFO] PluginManager:220 - loadIPPluginJar : add cryp
2025-09-09 00:00:48,306 [INFO] IPUIPlugin:80 - create IPUIPlugin
2025-09-09 00:00:48,306 [INFO] PluginManager:220 - loadIPPluginJar : add ddr_ctrl_phy
2025-09-09 00:00:48,307 [INFO] IPUIPlugin:80 - create IPUIPlugin
2025-09-09 00:00:48,307 [INFO] PluginManager:220 - loadIPPluginJar : add dfsdm
2025-09-09 00:00:48,311 [INFO] IPUIPlugin:80 - create IPUIPlugin
2025-09-09 00:00:48,311 [INFO] PluginManager:220 - loadIPPluginJar : add dma
2025-09-09 00:00:48,313 [INFO] IPUIPlugin:80 - create IPUIPlugin
2025-09-09 00:00:48,313 [INFO] PluginManager:220 - loadIPPluginJar : add dma3
2025-09-09 00:00:48,316 [INFO] IPUIPlugin:80 - create IPUIPlugin
2025-09-09 00:00:48,316 [INFO] PluginManager:220 - loadIPPluginJar : add extmemmanager
2025-09-09 00:00:48,317 [INFO] IPUIPlugin:80 - create IPUIPlugin
2025-09-09 00:00:48,317 [INFO] PluginManager:220 - loadIPPluginJar : add fatfs
2025-09-09 00:00:48,323 [INFO] IPUIPlugin:80 - create IPUIPlugin
2025-09-09 00:00:48,323 [INFO] PluginManager:220 - loadIPPluginJar : add fmc
2025-09-09 00:00:48,328 [INFO] IPUIPlugin:80 - create IPUIPlugin
2025-09-09 00:00:48,328 [INFO] PluginManager:220 - loadIPPluginJar : add freertos
2025-09-09 00:00:48,329 [INFO] IPUIPlugin:80 - create IPUIPlugin
2025-09-09 00:00:48,329 [INFO] PluginManager:220 - loadIPPluginJar : add genericplugin
2025-09-09 00:00:48,331 [INFO] IPUIPlugin:80 - create IPUIPlugin
2025-09-09 00:00:48,332 [INFO] PluginManager:220 - loadIPPluginJar : add gfxmmu
2025-09-09 00:00:48,335 [INFO] IPUIPlugin:80 - create IPUIPlugin
2025-09-09 00:00:48,335 [INFO] PluginManager:220 - loadIPPluginJar : add gic
2025-09-09 00:00:48,338 [INFO] IPUIPlugin:80 - create IPUIPlugin
2025-09-09 00:00:48,338 [INFO] PluginManager:220 - loadIPPluginJar : add gpio
2025-09-09 00:00:48,340 [INFO] IPUIPlugin:80 - create IPUIPlugin
2025-09-09 00:00:48,340 [INFO] PluginManager:220 - loadIPPluginJar : add gtzc
2025-09-09 00:00:48,341 [INFO] IPUIPlugin:80 - create IPUIPlugin
2025-09-09 00:00:48,341 [INFO] PluginManager:220 - loadIPPluginJar : add hash
2025-09-09 00:00:48,343 [INFO] IPUIPlugin:80 - create IPUIPlugin
2025-09-09 00:00:48,343 [INFO] PluginManager:220 - loadIPPluginJar : add i2c
2025-09-09 00:00:48,345 [INFO] IPUIPlugin:80 - create IPUIPlugin
2025-09-09 00:00:48,345 [INFO] PluginManager:220 - loadIPPluginJar : add i2s
2025-09-09 00:00:48,350 [INFO] IPUIPlugin:80 - create IPUIPlugin
2025-09-09 00:00:48,350 [INFO] PluginManager:220 - loadIPPluginJar : add i3c
2025-09-09 00:00:48,353 [INFO] IPUIPlugin:80 - create IPUIPlugin
2025-09-09 00:00:48,353 [INFO] PluginManager:220 - loadIPPluginJar : add ipddr
2025-09-09 00:00:48,358 [INFO] IPUIPlugin:80 - create IPUIPlugin
2025-09-09 00:00:48,359 [INFO] PluginManager:220 - loadIPPluginJar : add linkedlist
2025-09-09 00:00:48,362 [INFO] IPUIPlugin:80 - create IPUIPlugin
2025-09-09 00:00:48,362 [INFO] PluginManager:220 - loadIPPluginJar : add lorawan
2025-09-09 00:00:48,363 [INFO] IPUIPlugin:80 - create IPUIPlugin
2025-09-09 00:00:48,363 [INFO] PluginManager:220 - loadIPPluginJar : add ltdc
2025-09-09 00:00:48,367 [INFO] IPUIPlugin:80 - create IPUIPlugin
2025-09-09 00:00:48,368 [INFO] PluginManager:220 - loadIPPluginJar : add mdma
2025-09-09 00:00:48,370 [INFO] IPUIPlugin:80 - create IPUIPlugin
2025-09-09 00:00:48,370 [INFO] PluginManager:220 - loadIPPluginJar : add nvic
2025-09-09 00:00:48,373 [INFO] IPUIPlugin:80 - create IPUIPlugin
2025-09-09 00:00:48,373 [INFO] PluginManager:220 - loadIPPluginJar : add opamp
2025-09-09 00:00:48,376 [INFO] IPUIPlugin:80 - create IPUIPlugin
2025-09-09 00:00:48,376 [INFO] PluginManager:220 - loadIPPluginJar : add openamp
2025-09-09 00:00:48,379 [INFO] IPUIPlugin:80 - create IPUIPlugin
2025-09-09 00:00:48,379 [INFO] PluginManager:220 - loadIPPluginJar : add pdm2pcm
2025-09-09 00:00:48,388 [INFO] IPUIPlugin:80 - create IPUIPlugin
2025-09-09 00:00:48,392 [INFO] PluginManager:220 - loadIPPluginJar : add plateformsettings
2025-09-09 00:00:48,394 [INFO] IPUIPlugin:80 - create IPUIPlugin
2025-09-09 00:00:48,394 [INFO] PluginManager:220 - loadIPPluginJar : add quadspi
2025-09-09 00:00:48,397 [INFO] IPUIPlugin:80 - create IPUIPlugin
2025-09-09 00:00:48,397 [INFO] PluginManager:220 - loadIPPluginJar : add radio
2025-09-09 00:00:48,400 [INFO] IPUIPlugin:80 - create IPUIPlugin
2025-09-09 00:00:48,400 [INFO] PluginManager:220 - loadIPPluginJar : add resmgrutility
2025-09-09 00:00:48,403 [INFO] IPUIPlugin:80 - create IPUIPlugin
2025-09-09 00:00:48,403 [INFO] PluginManager:220 - loadIPPluginJar : add sai
2025-09-09 00:00:48,406 [INFO] IPUIPlugin:80 - create IPUIPlugin
2025-09-09 00:00:48,406 [INFO] PluginManager:220 - loadIPPluginJar : add spi
2025-09-09 00:00:48,412 [INFO] IPUIPlugin:80 - create IPUIPlugin
2025-09-09 00:00:48,412 [INFO] PluginManager:220 - loadIPPluginJar : add stm32_wpan
2025-09-09 00:00:48,415 [INFO] IPUIPlugin:80 - create IPUIPlugin
2025-09-09 00:00:48,415 [INFO] PluginManager:220 - loadIPPluginJar : add tim
2025-09-09 00:00:48,419 [INFO] IPUIPlugin:80 - create IPUIPlugin
2025-09-09 00:00:48,419 [INFO] PluginManager:220 - loadIPPluginJar : add touchsensing
2025-09-09 00:00:48,421 [INFO] IPUIPlugin:80 - create IPUIPlugin
2025-09-09 00:00:48,421 [INFO] PluginManager:220 - loadIPPluginJar : add tracer_emb
2025-09-09 00:00:48,423 [INFO] IPUIPlugin:80 - create IPUIPlugin
2025-09-09 00:00:48,424 [INFO] PluginManager:220 - loadIPPluginJar : add ts
2025-09-09 00:00:48,426 [INFO] IPUIPlugin:80 - create IPUIPlugin
2025-09-09 00:00:48,426 [INFO] PluginManager:220 - loadIPPluginJar : add tsc
2025-09-09 00:00:48,429 [INFO] IPUIPlugin:80 - create IPUIPlugin
2025-09-09 00:00:48,429 [INFO] PluginManager:220 - loadIPPluginJar : add ucpd
2025-09-09 00:00:48,432 [INFO] IPUIPlugin:80 - create IPUIPlugin
2025-09-09 00:00:48,432 [INFO] PluginManager:220 - loadIPPluginJar : add usart
2025-09-09 00:00:48,436 [INFO] IPUIPlugin:80 - create IPUIPlugin
2025-09-09 00:00:48,437 [INFO] PluginManager:220 - loadIPPluginJar : add usbx
2025-09-09 00:00:48,567 [FATAL] Updater:351 - Updater called before beeing initialized
2025-09-09 00:00:48,594 [INFO] RulesReader:64 - Compatibility file has been processed (317 Rules)
2025-09-09 00:00:48,606 [INFO] RulesReader:64 - Compatibility file has been processed (317 Rules)
2025-09-09 00:00:48,613 [INFO] CADModel:165 - CPN selected for project level
2025-09-09 00:00:48,613 [INFO] CADModel:114 - Register for checkConnection events
2025-09-09 00:00:48,613 [FATAL] Updater:351 - Updater called before beeing initialized
2025-09-09 00:00:48,613 [ERROR] CADModel:125 - Updater not yet initialized, retry later 
2025-09-09 00:00:48,743 [FATAL] Updater:351 - Updater called before beeing initialized
2025-09-09 00:00:48,744 [INFO] CADModel:165 - CPN selected for project level
2025-09-09 00:00:48,744 [INFO] CADModel:114 - Register for checkConnection events
2025-09-09 00:00:48,744 [FATAL] Updater:351 - Updater called before beeing initialized
2025-09-09 00:00:48,744 [ERROR] CADModel:125 - Updater not yet initialized, retry later 
2025-09-09 00:00:48,747 [FATAL] Updater:351 - Updater called before beeing initialized
2025-09-09 00:00:48,824 [FATAL] Updater:351 - Updater called before beeing initialized
2025-09-09 00:00:48,828 [INFO] DbMcusAds:53 - JSON generation date=Tue Jul 08 05:14:23 ART 2025 (1751962463582)
2025-09-09 00:00:48,828 [FATAL] Updater:351 - Updater called before beeing initialized
2025-09-09 00:00:48,855 [WARN] DetailPanel:346 - Failed to get advertising image, set to default
2025-09-09 00:00:48,927 [FATAL] Updater:351 - Updater called before beeing initialized
2025-09-09 00:00:48,928 [FATAL] Updater:351 - Updater called before beeing initialized
2025-09-09 00:00:48,929 [FATAL] Updater:351 - Updater called before beeing initialized
2025-09-09 00:00:48,929 [WARN] DetailPanel:346 - Failed to get advertising image, set to default
2025-09-09 00:00:48,929 [FATAL] Updater:351 - Updater called before beeing initialized
2025-09-09 00:00:48,964 [ERROR] Updater:1198 - MainUpdater not yet initialized. External WinMGr cannot be set.
2025-09-09 00:00:48,966 [INFO] Updater:1134 - Updater Version found : 6.15.0
2025-09-09 00:00:48,979 [INFO] ApplicationProperties:184 - Using Application install path: C:\ST\STM32CubeIDE_1.19.0\STM32CubeIDE\plugins\com.st.stm32cube.common.mx_6.15.0.202507011659
2025-09-09 00:00:50,708 [ERROR] ExternalUserPreferencesManager:606 - Error while get path from external application: Cannot invoke "com.st.stm32cube.common.mx.MxActivator.getBundle()" because the return value of "com.st.stm32cube.common.mx.MxActivator.getDefault()" is null
2025-09-09 00:00:50,708 [ERROR] ExternalUserPreferencesManager:336 - Error while get preference info from external application: Cannot invoke "com.st.stm32cube.common.mx.MxActivator.getBundle()" because the return value of "com.st.stm32cube.common.mx.MxActivator.getDefault()" is null
2025-09-09 00:00:50,708 [ERROR] ExternalUserPreferencesManager:560 - Error while get preference info from external application: Cannot invoke "com.st.stm32cube.common.mx.MxActivator.getBundle()" because the return value of "com.st.stm32cube.common.mx.MxActivator.getDefault()" is null
2025-09-09 00:00:50,829 [INFO] ThirdPartyUpdaterWithRetryManager:70 - Updater plugin not ready yet. [2/15]
